Log file open, 11/01/18 13:18:14
LogWindows: Failed to load 'aqProf.dll' (GetLastError=126)
LogWindows: File 'aqProf.dll' does not exist
LogWindows: Failed to load 'VSPerf140.dll' (GetLastError=126)
LogWindows: File 'VSPerf140.dll' does not exist
LogWindows: Failed to load 'VtuneApi.dll' (GetLastError=126)
LogWindows: File 'VtuneApi.dll' does not exist
LogWindows: Failed to load 'VtuneApi32e.dll' (GetLastError=126)
LogWindows: File 'VtuneApi32e.dll' does not exist
LogInit: Display: Running engine for game: RoboRun
LogPlatformFile: Not using cached read wrapper
LogInit: Display: RandInit(-359920807) SRandInit(-359920807).
LogInit: Read version file with build ID '3709383'
LogInit: Overriding engine version to CL 3832480, compatible CL 3709383
LogInit: Registered custom module enumerator with build ID '3709383'
LogTaskGraph: Started task graph with 5 named threads and 8 total threads with 3 sets of task threads.
LogStats: Stats thread started at 0.148697
LogD3D11RHI: Aftermath initialized
LogModuleManager: Display: Found up-to-date module file ../../../Engine/Plugins/2D/Paper2D/Binaries/Win64/UE4Editor-Paper2D.dll (API version 3709383).
LogModuleManager: Display: Found up-to-date module file ../../../Engine/Plugins/2D/Paper2D/Binaries/Win64/UE4Editor-Paper2DEditor.dll (API version 3709383).
LogModuleManager: Display: Found up-to-date module file ../../../Engine/Plugins/2D/Paper2D/Binaries/Win64/UE4Editor-PaperSpriteSheetImporter.dll (API version 3709383).
LogModuleManager: Display: Found up-to-date module file ../../../Engine/Plugins/2D/Paper2D/Binaries/Win64/UE4Editor-PaperTiledImporter.dll (API version 3709383).
LogModuleManager: Display: Found up-to-date module file ../../../Engine/Plugins/2D/Paper2D/Binaries/Win64/UE4Editor-SmartSnapping.dll (API version 3709383).
LogModuleManager: Display: Found up-to-date module file ../../../Engine/Plugins/Blendables/LightPropagationVolume/Binaries/Win64/UE4Editor-LightPropagationVolumeRuntime.dll (API version 3709383).
LogModuleManager: Display: Found up-to-date module file ../../../Engine/Plugins/Blendables/LightPropagationVolume/Binaries/Win64/UE4Editor-LightPropagationVolumeEditor.dll (API version 3709383).
LogModuleManager: Display: Found up-to-date module file ../../../Engine/Plugins/Developer/GitSourceControl/Binaries/Win64/UE4Editor-GitSourceControl.dll (API version 3709383).
LogModuleManager: Display: Found up-to-date module file ../../../Engine/Plugins/Developer/PerforceSourceControl/Binaries/Win64/UE4Editor-PerforceSourceControl.dll (API version 3709383).
LogModuleManager: Display: Found up-to-date module file ../../../Engine/Plugins/Developer/SubversionSourceControl/Binaries/Win64/UE4Editor-SubversionSourceControl.dll (API version 3709383).
LogModuleManager: Display: Found up-to-date module file ../../../Engine/Plugins/Developer/UObjectPlugin/Binaries/Win64/UE4Editor-UObjectPlugin.dll (API version 3709383).
LogModuleManager: Display: Found up-to-date module file ../../../Engine/Plugins/Developer/VisualStudioCodeSourceCodeAccess/Binaries/Win64/UE4Editor-VisualStudioCodeSourceCodeAccess.dll (API version 3709383).
LogModuleManager: Display: Found up-to-date module file ../../../Engine/Plugins/Developer/VisualStudioSourceCodeAccess/Binaries/Win64/UE4Editor-VisualStudioSourceCodeAccess.dll (API version 3709383).
LogModuleManager: Display: Found up-to-date module file ../../../Engine/Plugins/Editor/AssetManagerEditor/Binaries/Win64/UE4Editor-AssetManagerEditor.dll (API version 3709383).
LogModuleManager: Display: Found up-to-date module file ../../../Engine/Plugins/Editor/AudioCapture/Binaries/Win64/UE4Editor-AudioCapture.dll (API version 3709383).
LogModuleManager: Display: Found up-to-date module file ../../../Engine/Plugins/Editor/FacialAnimation/Binaries/Win64/UE4Editor-FacialAnimation.dll (API version 3709383).
LogModuleManager: Display: Found up-to-date module file ../../../Engine/Plugins/Editor/FacialAnimation/Binaries/Win64/UE4Editor-FacialAnimationEditor.dll (API version 3709383).
LogModuleManager: Display: Found up-to-date module file ../../../Engine/Plugins/Editor/GameplayTagsEditor/Binaries/Win64/UE4Editor-GameplayTagsEditor.dll (API version 3709383).
LogModuleManager: Display: Found up-to-date module file ../../../Engine/Plugins/Editor/MobileLauncherProfileWizard/Binaries/Win64/UE4Editor-MobileLauncherProfileWizard.dll (API version 3709383).
LogModuleManager: Display: Found up-to-date module file ../../../Engine/Plugins/Editor/PluginBrowser/Binaries/Win64/UE4Editor-PluginBrowser.dll (API version 3709383).
LogModuleManager: Display: Found up-to-date module file ../../../Engine/Plugins/Editor/SpeedTreeImporter/Binaries/Win64/UE4Editor-SpeedTreeImporter.dll (API version 3709383).
LogModuleManager: Display: Found up-to-date module file ../../../Engine/Plugins/Experimental/AlembicImporter/Binaries/Win64/UE4Editor-AlembicImporter.dll (API version 3709383).
LogModuleManager: Display: Found up-to-date module file ../../../Engine/Plugins/Experimental/AlembicImporter/Binaries/Win64/UE4Editor-AlembicLibrary.dll (API version 3709383).
LogModuleManager: Display: Found up-to-date module file ../../../Engine/Plugins/Experimental/CharacterAI/Binaries/Win64/UE4Editor-CharacterAI.dll (API version 3709383).
LogModuleManager: Display: Found up-to-date module file ../../../Engine/Plugins/Experimental/HTML5Networking/Binaries/Win64/UE4Editor-HTML5Networking.dll (API version 3709383).
LogModuleManager: Display: Found up-to-date module file ../../../Engine/Plugins/Media/AndroidMedia/Binaries/Win64/UE4Editor-AndroidMediaEditor.dll (API version 3709383).
LogModuleManager: Display: Found up-to-date module file ../../../Engine/Plugins/Media/AndroidMedia/Binaries/Win64/UE4Editor-AndroidMediaFactory.dll (API version 3709383).
LogModuleManager: Display: Found up-to-date module file ../../../Engine/Plugins/Media/AvfMedia/Binaries/Win64/UE4Editor-AvfMediaEditor.dll (API version 3709383).
LogModuleManager: Display: Found up-to-date module file ../../../Engine/Plugins/Media/AvfMedia/Binaries/Win64/UE4Editor-AvfMediaFactory.dll (API version 3709383).
LogModuleManager: Display: Found up-to-date module file ../../../Engine/Plugins/Media/AvfMedia/Binaries/Win64/UE4Editor-AvfMediaFactory.dll (API version 3709383).
LogModuleManager: Display: Found up-to-date module file ../../../Engine/Plugins/Media/ImgMedia/Binaries/Win64/UE4Editor-ImgMedia.dll (API version 3709383).
LogModuleManager: Display: Found up-to-date module file ../../../Engine/Plugins/Media/ImgMedia/Binaries/Win64/UE4Editor-ImgMediaEditor.dll (API version 3709383).
LogModuleManager: Display: Found up-to-date module file ../../../Engine/Plugins/Media/ImgMedia/Binaries/Win64/UE4Editor-ImgMediaFactory.dll (API version 3709383).
LogModuleManager: Display: Found up-to-date module file ../../../Engine/Plugins/Media/ImgMedia/Binaries/Win64/UE4Editor-ImgMediaFactory.dll (API version 3709383).
LogModuleManager: Display: Found up-to-date module file ../../../Engine/Plugins/Media/ImgMedia/Binaries/Win64/UE4Editor-OpenExrWrapper.dll (API version 3709383).
LogModuleManager: Display: Found up-to-date module file ../../../Engine/Plugins/Media/MediaCompositing/Binaries/Win64/UE4Editor-MediaCompositing.dll (API version 3709383).
LogModuleManager: Display: Found up-to-date module file ../../../Engine/Plugins/Media/MediaCompositing/Binaries/Win64/UE4Editor-MediaCompositingEditor.dll (API version 3709383).
LogModuleManager: Display: Found up-to-date module file ../../../Engine/Plugins/Media/MediaPlayerEditor/Binaries/Win64/UE4Editor-MediaPlayerEditor.dll (API version 3709383).
LogModuleManager: Display: Found up-to-date module file ../../../Engine/Plugins/Media/WmfMedia/Binaries/Win64/UE4Editor-WmfMedia.dll (API version 3709383).
LogModuleManager: Display: Found up-to-date module file ../../../Engine/Plugins/Media/WmfMedia/Binaries/Win64/UE4Editor-WmfMediaEditor.dll (API version 3709383).
LogModuleManager: Display: Found up-to-date module file ../../../Engine/Plugins/Media/WmfMedia/Binaries/Win64/UE4Editor-WmfMediaFactory.dll (API version 3709383).
LogModuleManager: Display: Found up-to-date module file ../../../Engine/Plugins/Media/WmfMedia/Binaries/Win64/UE4Editor-WmfMediaFactory.dll (API version 3709383).
LogModuleManager: Display: Found up-to-date module file ../../../Engine/Plugins/Messaging/TcpMessaging/Binaries/Win64/UE4Editor-TcpMessaging.dll (API version 3709383).
LogModuleManager: Display: Found up-to-date module file ../../../Engine/Plugins/Messaging/UdpMessaging/Binaries/Win64/UE4Editor-UdpMessaging.dll (API version 3709383).
LogModuleManager: Display: Found up-to-date module file ../../../Engine/Plugins/MovieScene/ActorSequence/Binaries/Win64/UE4Editor-ActorSequence.dll (API version 3709383).
LogModuleManager: Display: Found up-to-date module file ../../../Engine/Plugins/MovieScene/LevelSequenceEditor/Binaries/Win64/UE4Editor-LevelSequenceEditor.dll (API version 3709383).
LogModuleManager: Display: Found up-to-date module file ../../../Engine/Plugins/MovieScene/MatineeToLevelSequence/Binaries/Win64/UE4Editor-MatineeToLevelSequence.dll (API version 3709383).
LogModuleManager: Display: Found up-to-date module file ../../../Engine/Plugins/Online/OnlineSubsystem/Binaries/Win64/UE4Editor-OnlineSubsystem.dll (API version 3709383).
LogModuleManager: Display: Found up-to-date module file ../../../Engine/Plugins/Runtime/AndroidPermission/Binaries/Win64/UE4Editor-AndroidPermission.dll (API version 3709383).
LogModuleManager: Display: Found up-to-date module file ../../../Engine/Plugins/Online/OnlineSubsystemNull/Binaries/Win64/UE4Editor-OnlineSubsystemNull.dll (API version 3709383).
LogModuleManager: Display: Found up-to-date module file ../../../Engine/Plugins/Online/OnlineSubsystemUtils/Binaries/Win64/UE4Editor-OnlineSubsystemUtils.dll (API version 3709383).
LogModuleManager: Display: Found up-to-date module file ../../../Engine/Plugins/Online/OnlineSubsystemUtils/Binaries/Win64/UE4Editor-OnlineBlueprintSupport.dll (API version 3709383).
LogModuleManager: Display: Found up-to-date module file ../../../Engine/Plugins/Runtime/AndroidDeviceProfileSelector/Binaries/Win64/UE4Editor-AndroidDeviceProfileSelector.dll (API version 3709383).
LogModuleManager: Display: Found up-to-date module file ../../../Engine/Plugins/Runtime/AppleARKit/Binaries/Win64/UE4Editor-AppleARKit.dll (API version 3709383).
LogModuleManager: Display: Found up-to-date module file ../../../Engine/Plugins/Runtime/ArchVisCharacter/Binaries/Win64/UE4Editor-ArchVisCharacter.dll (API version 3709383).
LogModuleManager: Display: Found up-to-date module file ../../../Engine/Plugins/Runtime/CableComponent/Binaries/Win64/UE4Editor-CableComponent.dll (API version 3709383).
LogModuleManager: Display: Found up-to-date module file ../../../Engine/Plugins/Runtime/CustomMeshComponent/Binaries/Win64/UE4Editor-CustomMeshComponent.dll (API version 3709383).
LogModuleManager: Display: Found up-to-date module file ../../../Engine/Plugins/Runtime/ExampleDeviceProfileSelector/Binaries/Win64/UE4Editor-ExampleDeviceProfileSelector.dll (API version 3709383).
LogModuleManager: Display: Found up-to-date module file ../../../Engine/Plugins/Runtime/ImmediatePhysics/Binaries/Win64/UE4Editor-ImmediatePhysics.dll (API version 3709383).
LogModuleManager: Display: Found up-to-date module file ../../../Engine/Plugins/Runtime/ImmediatePhysics/Binaries/Win64/UE4Editor-ImmediatePhysicsEditor.dll (API version 3709383).
LogModuleManager: Display: Found up-to-date module file ../../../Engine/Plugins/Runtime/LocationServicesBPLibrary/Binaries/Win64/UE4Editor-LocationServicesBPLibrary.dll (API version 3709383).
LogModuleManager: Display: Found up-to-date module file ../../../Engine/Plugins/Runtime/MobilePatchingUtils/Binaries/Win64/UE4Editor-MobilePatchingUtils.dll (API version 3709383).
LogModuleManager: Display: Found up-to-date module file ../../../Engine/Plugins/Runtime/Oculus/OculusVR/Binaries/Win64/UE4Editor-OculusHMD.dll (API version 3709383).
LogModuleManager: Display: Found up-to-date module file ../../../Engine/Plugins/Runtime/Oculus/OculusVR/Binaries/Win64/UE4Editor-OculusInput.dll (API version 3709383).
LogModuleManager: Display: Found up-to-date module file ../../../Engine/Plugins/Runtime/Oculus/OculusVR/Binaries/Win64/UE4Editor-OculusEditor.dll (API version 3709383).
LogModuleManager: Display: Found up-to-date module file ../../../Engine/Plugins/Runtime/PhysXVehicles/Binaries/Win64/UE4Editor-PhysXVehicles.dll (API version 3709383).
LogModuleManager: Display: Found up-to-date module file ../../../Engine/Plugins/Runtime/PhysXVehicles/Binaries/Win64/UE4Editor-PhysXVehiclesEditor.dll (API version 3709383).
LogModuleManager: Display: Found up-to-date module file ../../../Engine/Plugins/Runtime/ProceduralMeshComponent/Binaries/Win64/UE4Editor-ProceduralMeshComponent.dll (API version 3709383).
LogModuleManager: Display: Found up-to-date module file ../../../Engine/Plugins/Runtime/ProceduralMeshComponent/Binaries/Win64/UE4Editor-ProceduralMeshComponentEditor.dll (API version 3709383).
LogModuleManager: Display: Found up-to-date module file ../../../Engine/Plugins/Runtime/RuntimePhysXCooking/Binaries/Win64/UE4Editor-RuntimePhysXCooking.dll (API version 3709383).
LogModuleManager: Display: Found up-to-date module file ../../../Engine/Plugins/Runtime/Steam/SteamVR/Binaries/Win64/UE4Editor-SteamVR.dll (API version 3709383).
LogModuleManager: Display: Found up-to-date module file ../../../Engine/Plugins/Runtime/Steam/SteamVR/Binaries/Win64/UE4Editor-SteamVRController.dll (API version 3709383).
LogModuleManager: Display: Found up-to-date module file ../../../Engine/Plugins/Runtime/WindowsMoviePlayer/Binaries/Win64/UE4Editor-WindowsMoviePlayer.dll (API version 3709383).
LogPluginManager: Mounting plugin Paper2D
LogPluginManager: Mounting plugin LightPropagationVolume
LogPluginManager: Mounting plugin CodeLiteSourceCodeAccess
LogPluginManager: Mounting plugin GitSourceControl
LogPluginManager: Mounting plugin KDevelopSourceCodeAccess
LogPluginManager: Mounting plugin NullSourceCodeAccess
LogPluginManager: Mounting plugin PerforceSourceControl
LogPluginManager: Mounting plugin SubversionSourceControl
LogPluginManager: Mounting plugin UObjectPlugin
LogPluginManager: Mounting plugin VisualStudioCodeSourceCodeAccess
LogPluginManager: Mounting plugin VisualStudioSourceCodeAccess
LogPluginManager: Mounting plugin XCodeSourceCodeAccess
LogPluginManager: Mounting plugin AssetManagerEditor
LogPluginManager: Mounting plugin AudioCapture
LogPluginManager: Mounting plugin FacialAnimation
LogPluginManager: Mounting plugin GameplayTagsEditor
LogPluginManager: Mounting plugin MobileLauncherProfileWizard
LogPluginManager: Mounting plugin PluginBrowser
LogPluginManager: Mounting plugin SpeedTreeImporter
LogPluginManager: Mounting plugin AlembicImporter
LogPluginManager: Mounting plugin CharacterAI
LogPluginManager: Mounting plugin HTML5Networking
LogPluginManager: Mounting plugin AndroidMedia
LogPluginManager: Mounting plugin AvfMedia
LogPluginManager: Mounting plugin ImgMedia
LogPluginManager: Mounting plugin MediaCompositing
LogPluginManager: Mounting plugin MediaPlayerEditor
LogPluginManager: Mounting plugin WmfMedia
LogPluginManager: Mounting plugin TcpMessaging
LogPluginManager: Mounting plugin UdpMessaging
LogPluginManager: Mounting plugin ActorSequence
LogPluginManager: Mounting plugin LevelSequenceEditor
LogPluginManager: Mounting plugin MatineeToLevelSequence
LogPluginManager: Mounting plugin OnlineSubsystemGooglePlay
LogPluginManager: Mounting plugin OnlineSubsystemIOS
LogPluginManager: Mounting plugin OnlineSubsystem
LogPluginManager: Mounting plugin OnlineSubsystemNull
LogPluginManager: Mounting plugin OnlineSubsystemUtils
LogPluginManager: Mounting plugin AndroidDeviceProfileSelector
LogPluginManager: Mounting plugin AndroidMoviePlayer
LogPluginManager: Mounting plugin AndroidPermission
LogPluginManager: Mounting plugin AppleARKit
LogPluginManager: Mounting plugin AppleMoviePlayer
LogPluginManager: Mounting plugin ArchVisCharacter
LogPluginManager: Mounting plugin CableComponent
LogPluginManager: Mounting plugin CustomMeshComponent
LogPluginManager: Mounting plugin ExampleDeviceProfileSelector
LogPluginManager: Mounting plugin GoogleCloudMessaging
LogPluginManager: Mounting plugin ImmediatePhysics
LogPluginManager: Mounting plugin IOSDeviceProfileSelector
LogPluginManager: Mounting plugin LinuxDeviceProfileSelector
LogPluginManager: Mounting plugin LocationServicesBPLibrary
LogPluginManager: Mounting plugin MobilePatchingUtils
LogPluginManager: Mounting plugin OculusVR
LogPluginManager: Plugin shader directory ../../../Engine/Plugins/Runtime/Oculus/OculusVR/Shaders found
LogPluginManager: Mapping shader source directory ../../../Engine/Plugins/Runtime/Oculus/OculusVR/Shaders to virtual directory /Plugin/OculusVR
LogPluginManager: Mounting plugin PhysXVehicles
LogPluginManager: Mounting plugin ProceduralMeshComponent
LogPluginManager: Mounting plugin RuntimePhysXCooking
LogPluginManager: Mounting plugin SteamVR
LogPluginManager: Mounting plugin WindowsMoviePlayer
LogInit: Using libcurl 7.47.1
LogInit:  - built for x86_64-pc-win32
LogInit:  - supports SSL with OpenSSL/1.0.2g
LogInit:  - supports HTTP deflate (compression) using libz 1.2.8
LogInit:  - other features:
LogInit:      CURL_VERSION_SSL
LogInit:      CURL_VERSION_LIBZ
LogInit:      CURL_VERSION_IPV6
LogInit:      CURL_VERSION_ASYNCHDNS
LogInit:      CURL_VERSION_LARGEFILE
LogInit:      CURL_VERSION_IDN
LogInit:  CurlRequestOptions (configurable via config and command line):
LogInit:  - bVerifyPeer = false  - Libcurl will NOT verify peer certificate
LogInit:  - bUseHttpProxy = false  - Libcurl will NOT use HTTP proxy
LogInit:  - bDontReuseConnections = false  - Libcurl will reuse connections
LogInit:  - CertBundlePath = nullptr  - Libcurl will use whatever was configured at build time.
LogInit: Build: ++UE4+Release-4.18-CL-3832480
LogInit: Engine Version: 4.18.3-3832480+++UE4+Release-4.18
LogInit: Compatible Engine Version: 4.18.0-3709383+++UE4+Release-4.18
LogInit: Net CL: 3709383
LogDevObjectVersion: Number of dev versions registered: 16
LogDevObjectVersion:   Dev-Blueprints (B0D832E4-1F89-4F0D-ACCF-7EB736FD4AA2): 10
LogDevObjectVersion:   Dev-Build (E1C64328-A22C-4D53-A36C-8E866417BD8C): 0
LogDevObjectVersion:   Dev-Core (375EC13C-06E4-48FB-B500-84F0262A717E): 2
LogDevObjectVersion:   Dev-Editor (E4B068ED-F494-42E9-A231-DA0B2E46BB41): 20
LogDevObjectVersion:   Dev-Framework (CFFC743F-43B0-4480-9391-14DF171D2073): 30
LogDevObjectVersion:   Dev-Mobile (B02B49B5-BB20-44E9-A304-32B752E40360): 0
LogDevObjectVersion:   Dev-Networking (A4E4105C-59A1-49B5-A7C5-40C4547EDFEE): 0
LogDevObjectVersion:   Dev-Online (39C831C9-5AE6-47DC-9A44-9C173E1C8E7C): 0
LogDevObjectVersion:   Dev-Physics (78F01B33-EBEA-4F98-B9B4-84EACCB95AA2): 0
LogDevObjectVersion:   Dev-Platform (6631380F-2D4D-43E0-8009-CF276956A95A): 0
LogDevObjectVersion:   Dev-Rendering (12F88B9F-8875-4AFC-A67C-D90C383ABD29): 20
LogDevObjectVersion:   Dev-Sequencer (7B5AE74C-D270-4C10-A958-57980B212A5A): 4
LogDevObjectVersion:   Dev-VR (D7296918-1DD6-4BDD-9DE2-64A83CC13884): 0
LogDevObjectVersion:   Dev-LoadTimes (C2A15278-BFE7-4AFE-6C17-90FF531DF755): 1
LogDevObjectVersion:   Private-Geometry (6EACA3D4-40EC-4CC1-B786-8BED09428FC5): 1
LogDevObjectVersion:   Dev-AnimPhys (29E575DD-E0A3-4627-9D10-D276232CDCEA): 12
LogInit: Compiled (64-bit): Jan 12 2018 02:04:55
LogInit: Compiled with Visual C++: 19.00.24215.01
LogInit: Build Configuration: Development
LogInit: Branch Name: ++UE4+Release-4.18
LogInit: Command line: -EpicPortal  -epicusername="Clementk" -epicuserid=b034690c93a84f92a25a79eae412cc1c -epiclocale=en-US
LogInit: Base directory: C:/Program Files/Epic Games/UE_4.18/Engine/Binaries/Win64/
LogInit: Installed Engine Build: 1
LogInit: Presizing for max 8388607 objects, including 0 objects not considered by GC, pre-allocating 0 bytes for permanent pool.
LogInit: Object subsystem initialized
[2018.11.01-18.18.17:265][  0]LogInit: Selected Device Profile: [Windows]
[2018.11.01-18.18.17:265][  0]LogInit: Applying CVar settings loaded from the selected device profile: [Windows]
[2018.11.01-18.18.17:291][  0]LogInit: Computer: DESKTOP-N2HH7FL
[2018.11.01-18.18.17:291][  0]LogInit: User: cleme
[2018.11.01-18.18.17:291][  0]LogInit: CPU Page size=4096, Cores=2
[2018.11.01-18.18.17:291][  0]LogInit: High frequency timer resolution =2.437501 MHz
[2018.11.01-18.18.17:291][  0]LogMemory: Memory total: Physical=3.9GB (4GB approx)
[2018.11.01-18.18.17:291][  0]LogMemory: Platform Memory Stats for Windows
[2018.11.01-18.18.17:291][  0]LogMemory: Process Physical Memory: 271.11 MB used, 271.11 MB peak
[2018.11.01-18.18.17:291][  0]LogMemory: Process Virtual Memory: 269.61 MB used, 269.61 MB peak
[2018.11.01-18.18.17:291][  0]LogMemory: Physical Memory: 2121.77 MB used,  1899.51 MB free, 4021.28 MB total
[2018.11.01-18.18.17:291][  0]LogMemory: Virtual Memory: 4770.90 MB used,  1899.51 MB free, 134217728.00 MB total
[2018.11.01-18.18.17:577][  0]LogInit: Using OS detected language (en-US).
[2018.11.01-18.18.17:577][  0]LogInit: Using OS detected locale (en-US).
[2018.11.01-18.18.17:581][  0]LogTextLocalizationManager: No specific localization for 'en-US' exists, so the 'en' localization will be used.
[2018.11.01-18.18.18:070][  0]LogInit: Setting process to per monitor DPI aware
[2018.11.01-18.18.18:464][  0]LogD3D11RHI: D3D11 adapters:
[2018.11.01-18.18.18:502][  0]LogD3D11RHI:    0. 'Intel(R) HD Graphics 520' (Feature Level 11_0)
[2018.11.01-18.18.18:502][  0]LogD3D11RHI:       128/0/2010 MB DedicatedVideo/DedicatedSystem/SharedSystem, Outputs:1, VendorId:0x8086
[2018.11.01-18.18.18:504][  0]LogD3D11RHI:    1. 'Microsoft Basic Render Driver' (Feature Level 11_0)
[2018.11.01-18.18.18:504][  0]LogD3D11RHI:       0/0/2010 MB DedicatedVideo/DedicatedSystem/SharedSystem, Outputs:0, VendorId:0x1414
[2018.11.01-18.18.18:504][  0]LogD3D11RHI: Chosen D3D11 Adapter: 0
[2018.11.01-18.18.18:511][  0]LogD3D11RHI: Creating new Direct3DDevice
[2018.11.01-18.18.18:511][  0]LogD3D11RHI:     GPU DeviceId: 0x1916 (for the marketing name, search the web for "GPU Device Id")
[2018.11.01-18.18.18:511][  0]LogWindows: EnumDisplayDevices:
[2018.11.01-18.18.18:511][  0]LogWindows:    0. 'Intel(R) HD Graphics 520' (P:1 D:1)
[2018.11.01-18.18.18:512][  0]LogWindows:    1. 'Intel(R) HD Graphics 520' (P:0 D:0)
[2018.11.01-18.18.18:512][  0]LogWindows:    2. 'Intel(R) HD Graphics 520' (P:0 D:0)
[2018.11.01-18.18.18:512][  0]LogWindows: DebugString: GetVideoDriverDetailsInvalid PrimaryIsNotTheChoosenAdapter GetVideoDriverDetailsInvalid PrimaryIsNotTheChoosenAdapter GetVideoDriverDetailsInvalid PrimaryIsNotTheChoosenAdapter FoundDriverCount:0 
[2018.11.01-18.18.18:512][  0]LogD3D11RHI:     Adapter Name: Intel(R) HD Graphics 520
[2018.11.01-18.18.18:512][  0]LogD3D11RHI:   Driver Version: Unknown (internal:Unknown, unified:Unknown)
[2018.11.01-18.18.18:512][  0]LogD3D11RHI:      Driver Date: Unknown
[2018.11.01-18.18.18:512][  0]LogRHI: Texture pool is 793 MB (70% of 1133 MB)
[2018.11.01-18.18.18:544][  0]LogD3D11RHI: Async texture creation enabled
[2018.11.01-18.18.18:552][  0]LogD3D11RHI: GPU Timing Frequency: 12.000048 (Debug: 2 0)
[2018.11.01-18.18.18:554][  0]LogShaderCompilers: Guid format shader working directory is -28 characters bigger than the processId version (../../../../../../Users/cleme/Documents/Unreal Projects/RoboRunner/RoboRun/Intermediate/Shaders/WorkingDirectory/9784/).
[2018.11.01-18.18.18:554][  0]LogShaderCompilers: Cleaned the shader compiler working directory 'C:/Users/cleme/AppData/Local/Temp/UnrealShaderWorkingDir/478987E34DA7FD27E8FD068E49815D28/'.
[2018.11.01-18.18.18:554][  0]LogShaderCompilers: Display: Using Local Shader Compiler.
[2018.11.01-18.18.19:738][  0]LogTemp: Display: Loaded TP AllDesktopTargetPlatform
[2018.11.01-18.18.19:828][  0]LogTemp: Display: Loaded TP MacClientTargetPlatform
[2018.11.01-18.18.19:918][  0]LogTemp: Display: Loaded TP MacNoEditorTargetPlatform
[2018.11.01-18.18.20:008][  0]LogTemp: Display: Loaded TP MacServerTargetPlatform
[2018.11.01-18.18.20:098][  0]LogTemp: Display: Loaded TP MacTargetPlatform
[2018.11.01-18.18.20:184][  0]LogTemp: Display: Loaded TP WindowsClientTargetPlatform
[2018.11.01-18.18.20:274][  0]LogTemp: Display: Loaded TP WindowsNoEditorTargetPlatform
[2018.11.01-18.18.20:361][  0]LogTemp: Display: Loaded TP WindowsServerTargetPlatform
[2018.11.01-18.18.20:441][  0]LogTemp: Display: Loaded TP WindowsTargetPlatform
[2018.11.01-18.18.20:526][  0]LogTemp: Display: Loaded TP Android_ASTCTargetPlatform
[2018.11.01-18.18.20:610][  0]LogTemp: Display: Loaded TP Android_ATCTargetPlatform
[2018.11.01-18.18.20:694][  0]LogTemp: Display: Loaded TP Android_DXTTargetPlatform
[2018.11.01-18.18.20:779][  0]LogTemp: Display: Loaded TP Android_ETC1TargetPlatform
[2018.11.01-18.18.20:863][  0]LogTemp: Display: Loaded TP Android_ETC2TargetPlatform
[2018.11.01-18.18.21:032][  0]LogTemp: Display: Loaded TP Android_MultiTargetPlatform
[2018.11.01-18.18.21:032][  0]LogTemp: Display: Loaded TP Android_PVRTCTargetPlatform
[2018.11.01-18.18.21:119][  0]LogTemp: Display: Loaded TP AndroidTargetPlatform
[2018.11.01-18.18.21:190][  0]LogTemp: Display: Loaded TP HTML5TargetPlatform
[2018.11.01-18.18.21:334][  0]LogTemp: Display: Loaded TP IOSTargetPlatform
[2018.11.01-18.18.21:379][  0]LogTemp: Display: Loaded TP TVOSTargetPlatform
[2018.11.01-18.18.21:466][  0]LogTemp: Display: Loaded TP LinuxClientTargetPlatform
[2018.11.01-18.18.21:550][  0]LogTemp: Display: Loaded TP LinuxNoEditorTargetPlatform
[2018.11.01-18.18.21:638][  0]LogTemp: Display: Loaded TP LinuxServerTargetPlatform
[2018.11.01-18.18.21:722][  0]LogTemp: Display: Loaded TP LinuxTargetPlatform
[2018.11.01-18.18.21:722][  0]LogTargetPlatformManager: Display: Building Assets For Windows
[2018.11.01-18.18.22:579][  0]LogDerivedDataCache: Display: Max Cache Size: 512 MB
[2018.11.01-18.18.22:662][  0]LogDerivedDataCache: Loaded boot cache 0.08s 78MB C:/Users/cleme/AppData/Local/UnrealEngine/4.18/DerivedDataCache/Boot.ddc.
[2018.11.01-18.18.22:662][  0]LogDerivedDataCache: Display: Loaded Boot cache: C:/Users/cleme/AppData/Local/UnrealEngine/4.18/DerivedDataCache/Boot.ddc
[2018.11.01-18.18.22:662][  0]LogDerivedDataCache: FDerivedDataBackendGraph:  Pak pak cache file ../../../../../../Users/cleme/Documents/Unreal Projects/RoboRunner/RoboRun/DerivedDataCache/DDC.ddp not found, will not use a pak cache.
[2018.11.01-18.18.22:662][  0]LogDerivedDataCache: Unable to find inner node Pak for hierarchical cache Hierarchy.
[2018.11.01-18.18.22:662][  0]LogDerivedDataCache: FDerivedDataBackendGraph:  CompressedPak pak cache file ../../../../../../Users/cleme/Documents/Unreal Projects/RoboRunner/RoboRun/DerivedDataCache/Compressed.ddp not found, will not use a pak cache.
[2018.11.01-18.18.22:662][  0]LogDerivedDataCache: Unable to find inner node CompressedPak for hierarchical cache Hierarchy.
[2018.11.01-18.18.22:680][  0]LogDerivedDataCache: Display: Pak cache opened for reading ../../../Engine/DerivedDataCache/Compressed.ddp.
[2018.11.01-18.18.22:693][  0]LogDerivedDataCache: Using Local data cache path C:/Users/cleme/AppData/Local/UnrealEngine/Common/DerivedDataCache: Writable
[2018.11.01-18.18.22:705][  0]LogMaterial: Verifying Global Shaders for PCD3D_SM5
[2018.11.01-18.18.22:706][  0]LogSlate: Using Freetype 2.6.0
[2018.11.01-18.18.22:707][  0]LogSlate: SlateFontCache - WITH_FREETYPE: 1, WITH_HARFBUZZ: 1
[2018.11.01-18.18.22:707][  0]LogSlate: SlateFontCache - WITH_FREETYPE: 1, WITH_HARFBUZZ: 1
[2018.11.01-18.18.23:171][  0]LogInit: Selected Device Profile: [Windows]
[2018.11.01-18.18.23:721][  0]LogSimplygon: Simplygon DLL not present - disabling.
[2018.11.01-18.18.23:795][  0]LogMeshReduction: Using SimplygonSwarm for distributed automatic mesh merging
[2018.11.01-18.18.23:795][  0]LogMeshReduction: Using QuadricMeshReduction for automatic static mesh reduction
[2018.11.01-18.18.23:795][  0]LogMeshReduction: No automatic skeletal mesh reduction module available
[2018.11.01-18.18.23:795][  0]LogMeshReduction: No automatic mesh merging module available
[2018.11.01-18.18.23:795][  0]LogMeshMerging: No automatic mesh merging module available
[2018.11.01-18.18.23:847][  0]LogNetVersion: RoboRun , NetCL: 3709383, EngineNetVer: 2, GameNetVer: 0 (Checksum: 4006238612)
[2018.11.01-18.18.24:100][  0]LogAssetRegistry: FAssetRegistry took 0.0269 seconds to start up
[2018.11.01-18.18.25:040][  0]LogPackageLocalizationCache: Processed 7 localized package path(s) for 2 prioritized culture(s) in 0.113232 seconds
[2018.11.01-18.18.25:047][  0]LogUObjectArray: 35870 objects as part of root set at end of initial load.
[2018.11.01-18.18.25:047][  0]LogUObjectAllocator: 7363696 out of 0 bytes used by permanent object pool.
[2018.11.01-18.18.25:047][  0]LogUObjectArray: CloseDisregardForGC: 0/0 objects in disregard for GC pool
[2018.11.01-18.18.25:169][  0]LogInit: WinSock: version 1.1 (2.2), MaxSocks=32767, MaxUdp=65467
[2018.11.01-18.18.30:093][  0]LogTcpMessaging: Initializing TcpMessaging bridge
[2018.11.01-18.18.30:164][  0]LogUdpMessaging: Initializing bridge on interface 0.0.0.0:0 to multicast group 230.0.0.1:6666.
[2018.11.01-18.18.31:354][  0]LogMaterial: Uniform references updated for custom material expression Custom.
[2018.11.01-18.18.32:107][  0]SourceControl: Source control is disabled
[2018.11.01-18.18.32:107][  0]SourceControl: Source control is disabled
[2018.11.01-18.18.32:208][  0]SourceControl: Source control is disabled
[2018.11.01-18.18.32:310][  0]SourceControl: Source control is disabled
[2018.11.01-18.18.33:829][  0]LogAndroidPermission: UAndroidPermissionCallbackProxy::GetInstance
[2018.11.01-18.18.34:326][  0]LogOcInput: OculusInput pre-init called
[2018.11.01-18.18.34:830][  0]LogEngine: Initializing Engine...
[2018.11.01-18.18.34:833][  0]LogHMD: Failed to initialize OpenVR with code 110
[2018.11.01-18.18.35:107][  0]LogStats: UGameplayTagsManager::ConstructGameplayTagTree: Construct from data asset -  0.000 s
[2018.11.01-18.18.35:107][  0]LogStats: UGameplayTagsManager::ConstructGameplayTagTree: GameplayTagTreeChangedEvent.Broadcast -  0.000 s
[2018.11.01-18.18.35:350][  0]LogAIModule: Creating AISystem for world Untitled
[2018.11.01-18.18.35:369][  0]LogInit: XAudio2 using 'Speakers (Realtek High Definition Audio(SST))' : 2 channels at 48 kHz using 32 bits per sample (channel mask 0x3)
[2018.11.01-18.18.35:578][  0]LogInit: FAudioDevice initialized.
[2018.11.01-18.18.35:699][  0]LogDerivedDataCache: Saved boot cache 0.12s 78MB C:/Users/cleme/AppData/Local/UnrealEngine/4.18/DerivedDataCache/Boot.ddc.
[2018.11.01-18.18.35:715][  0]LogInit: Texture streaming: Enabled
[2018.11.01-18.18.35:904][  0]LogEngineSessionManager: EngineSessionManager initialized
[2018.11.01-18.18.36:170][  0]LogInit: Transaction tracking system initialized
[2018.11.01-18.18.36:761][  0]BlueprintLog: New page: Editor Load
[2018.11.01-18.18.38:439][  0]LocalizationService: Localization service is disabled
[2018.11.01-18.18.40:083][  0]LogConsoleResponse: Display: 
[2018.11.01-18.18.40:401][  0]LogCook: Display: Max memory allowance for cook 16384mb min free memory 0mb
[2018.11.01-18.18.40:402][  0]LogCook: Display: Mobile HDR setting 1
[2018.11.01-18.18.40:402][  0]LogGameplayTags: Display: UGameplayTagsManager::DoneAddingNativeTags. DelegateIsBound: 0
[2018.11.01-18.18.40:538][  0]LogFileCache: Scanning file cache for directory 'C:/Users/cleme/Documents/Unreal Projects/RoboRunner/RoboRun/Content/' took 0.01s
[2018.11.01-18.18.42:656][  0]SourceControl: Source control is disabled
[2018.11.01-18.18.42:656][  0]Cmd: MAP LOAD FILE="../../../../../../Users/cleme/Documents/Unreal Projects/RoboRunner/RoboRun/Content/2DSideScrollerBP/Maps/2DSideScrollerExampleMap.umap" TEMPLATE=0 SHOWPROGRESS=1 FEATURELEVEL=3
[2018.11.01-18.18.42:657][  0]LightingResults: New page: Lighting Build
[2018.11.01-18.18.42:734][  0]MapCheck: New page: Map Check
[2018.11.01-18.18.42:734][  0]LightingResults: New page: Lighting Build
[2018.11.01-18.18.43:381][  0]LogAIModule: Creating AISystem for world 2DSideScrollerExampleMap
[2018.11.01-18.18.43:393][  0]LogEditorServer: Finished looking for orphan Actors (0.000 secs)
[2018.11.01-18.18.43:413][  0]Cmd: MAP CHECKDEP NOCLEARLOG
[2018.11.01-18.18.43:492][  0]MapCheck: Map check complete: 0 Error(s), 0 Warning(s), took 78.681ms to complete.
[2018.11.01-18.18.43:492][  0]LogFileHelpers: Loading map '2DSideScrollerExampleMap' took 0.835
[2018.11.01-18.18.43:712][  0]LogCollectionManager: Loaded 0 collections in 0.003838 seconds
[2018.11.01-18.18.43:841][  0]LogFileCache: Scanning file cache for directory 'C:/Users/cleme/Documents/Unreal Projects/RoboRunner/RoboRun/Saved/Collections/' took 0.01s
[2018.11.01-18.18.43:841][  0]LogFileCache: Scanning file cache for directory 'C:/Users/cleme/Documents/Unreal Projects/RoboRunner/RoboRun/Content/Developers/cleme/Collections/' took 0.01s
[2018.11.01-18.18.43:841][  0]LogFileCache: Scanning file cache for directory 'C:/Users/cleme/Documents/Unreal Projects/RoboRunner/RoboRun/Content/Collections/' took 0.01s
[2018.11.01-18.18.43:841][  0]LogCollectionManager: Rebuilt the GUID cache for 0 collections in 0.000000 seconds
[2018.11.01-18.18.43:854][  0]LogContentBrowser: Native class hierarchy populated in 0.0114 seconds. Added 2363 classes and 519 folders.
[2018.11.01-18.18.43:988][  0]LogContentBrowser: Native class hierarchy updated for 'WidgetCarousel' in 0.0002 seconds. Added 0 classes and 0 folders.
[2018.11.01-18.18.44:570][  0]LogContentBrowser: Native class hierarchy updated for 'AddContentDialog' in 0.0003 seconds. Added 0 classes and 0 folders.
[2018.11.01-18.18.44:652][  0]LogContentBrowser: Native class hierarchy updated for 'SceneOutliner' in 0.0003 seconds. Added 1 classes and 2 folders.
[2018.11.01-18.18.44:694][  0]LogSlate: Took 0.000373 seconds to synchronously load lazily loaded font '../../../Engine/Content/Slate/Fonts/Roboto-Regular.ttf' (155K)
[2018.11.01-18.18.44:698][  0]LogSlate: Took 0.000323 seconds to synchronously load lazily loaded font '../../../Engine/Content/Slate/Fonts/Roboto-Bold.ttf' (160K)
[2018.11.01-18.18.44:716][  0]LogSlate: Took 0.008323 seconds to synchronously load lazily loaded font '../../../Engine/Content/Editor/Slate/Fonts/FontAwesome.ttf' (139K)
[2018.11.01-18.18.44:951][  0]LogRenderer: Reallocating scene render targets to support 1208x576 Format 9 NumSamples 1 (Frame:1).
[2018.11.01-18.18.45:332][  0]LogContentBrowser: Native class hierarchy updated for 'HierarchicalLODOutliner' in 0.0004 seconds. Added 1 classes and 2 folders.
[2018.11.01-18.18.45:332][  0]LogLoad: (Engine Initialization) Total time: 32.36 seconds
[2018.11.01-18.18.45:332][  0]LogLoad: (Engine Initialization) Total Blueprint compile time: 0.00 seconds
[2018.11.01-18.18.45:333][  0]LogExternalProfiler: No external profilers were discovered.  External profiling features will not be available.
[2018.11.01-18.18.45:344][  0]LogWindowsTextInputMethodSystem: Display: IME system now deactivated.
[2018.11.01-18.18.45:365][  0]LogContentStreaming: Texture pool size now 400 MB
[2018.11.01-18.18.45:434][  0]LogSlate: Took 0.006801 seconds to synchronously load lazily loaded font '../../../Engine/Content/Slate/Fonts/Roboto-Light.ttf' (159K)
[2018.11.01-18.18.45:461][  1]LogAssetRegistry: Asset discovery search completed in 21.3826 seconds
[2018.11.01-18.18.45:463][  1]LogCollectionManager: Rebuilt the object cache for 0 collections in 0.000000 seconds (found 0 objects)
[2018.11.01-18.18.45:463][  1]LogCollectionManager: Fixed up redirectors for 0 collections in 0.000101 seconds (updated 0 objects)
[2018.11.01-18.19.08:934][274]LogTemp: Repeating last play command: Selected Viewport
[2018.11.01-18.19.08:985][274]LogBlueprintUserMessages: Early PlayInEditor Detection: Level '/Game/2DSideScrollerBP/Maps/2DSideScrollerExampleMap.2DSideScrollerExampleMap:PersistentLevel' has LevelScriptBlueprint '/Game/2DSideScrollerBP/Maps/2DSideScrollerExampleMap.2DSideScrollerExampleMap:PersistentLevel.2DSideScrollerExampleMap' with GeneratedClass '/Game/2DSideScrollerBP/Maps/2DSideScrollerExampleMap.2DSideScrollerExampleMap_C' with ClassGeneratedBy '/Game/2DSideScrollerBP/Maps/2DSideScrollerExampleMap.2DSideScrollerExampleMap:PersistentLevel.2DSideScrollerExampleMap'
[2018.11.01-18.19.08:986][274]LogPlayLevel: PlayLevel: No blueprints needed recompiling
[2018.11.01-18.19.08:991][274]PIE: New page: PIE session: 2DSideScrollerExampleMap (Nov 1, 2018, 8:19:08 AM)
[2018.11.01-18.19.08:992][274]LogPlayLevel: Creating play world package: /Game/2DSideScrollerBP/Maps/UEDPIE_0_2DSideScrollerExampleMap
[2018.11.01-18.19.09:001][274]LogPlayLevel: PIE: StaticDuplicateObject took: (0.009717s)
[2018.11.01-18.19.09:002][274]LogAIModule: Creating AISystem for world 2DSideScrollerExampleMap
[2018.11.01-18.19.09:003][274]LogPlayLevel: PIE: World Init took: (0.000963s)
[2018.11.01-18.19.09:003][274]LogPlayLevel: PIE: Created PIE world by copying editor world from /Game/2DSideScrollerBP/Maps/2DSideScrollerExampleMap.2DSideScrollerExampleMap to /Game/2DSideScrollerBP/Maps/UEDPIE_0_2DSideScrollerExampleMap.2DSideScrollerExampleMap (0.011771s)
[2018.11.01-18.19.09:028][274]LogInit: XAudio2 using 'Speakers (Realtek High Definition Audio(SST))' : 2 channels at 48 kHz using 32 bits per sample (channel mask 0x3)
[2018.11.01-18.19.09:049][274]LogInit: FAudioDevice initialized.
[2018.11.01-18.19.09:100][274]LogLoad: Game class is 'RoboGamemode_C'
[2018.11.01-18.19.09:111][274]LogWorld: Bringing World /Game/2DSideScrollerBP/Maps/UEDPIE_0_2DSideScrollerExampleMap.2DSideScrollerExampleMap up for play (max tick rate 60) at 2018.11.01-13.19.09
[2018.11.01-18.19.09:114][274]LogWorld: Bringing up level for play took: 0.006331
[2018.11.01-18.19.09:206][274]LogContentBrowser: Native class hierarchy updated for 'MovieSceneCapture' in 0.0003 seconds. Added 11 classes and 0 folders.
[2018.11.01-18.19.09:210][274]PIE: Play in editor start time for /Game/2DSideScrollerBP/Maps/UEDPIE_0_2DSideScrollerExampleMap -0.136
[2018.11.01-18.19.09:210][274]LogBlueprintUserMessages: Late PlayInEditor Detection: Level '/Game/2DSideScrollerBP/Maps/2DSideScrollerExampleMap.2DSideScrollerExampleMap:PersistentLevel' has LevelScriptBlueprint '/Game/2DSideScrollerBP/Maps/2DSideScrollerExampleMap.2DSideScrollerExampleMap:PersistentLevel.2DSideScrollerExampleMap' with GeneratedClass '/Game/2DSideScrollerBP/Maps/2DSideScrollerExampleMap.2DSideScrollerExampleMap_C' with ClassGeneratedBy '/Game/2DSideScrollerBP/Maps/2DSideScrollerExampleMap.2DSideScrollerExampleMap:PersistentLevel.2DSideScrollerExampleMap'
[2018.11.01-18.19.33:258][710]LogBlueprintUserMessages: Early EndPlayMap Detection: Level '/Game/2DSideScrollerBP/Maps/2DSideScrollerExampleMap.2DSideScrollerExampleMap:PersistentLevel' has LevelScriptBlueprint '/Game/2DSideScrollerBP/Maps/2DSideScrollerExampleMap.2DSideScrollerExampleMap:PersistentLevel.2DSideScrollerExampleMap' with GeneratedClass '/Game/2DSideScrollerBP/Maps/2DSideScrollerExampleMap.2DSideScrollerExampleMap_C' with ClassGeneratedBy '/Game/2DSideScrollerBP/Maps/2DSideScrollerExampleMap.2DSideScrollerExampleMap:PersistentLevel.2DSideScrollerExampleMap'
[2018.11.01-18.19.33:298][710]LogBlueprintUserMessages: Late EndPlayMap Detection: Level '/Game/2DSideScrollerBP/Maps/2DSideScrollerExampleMap.2DSideScrollerExampleMap:PersistentLevel' has LevelScriptBlueprint '/Game/2DSideScrollerBP/Maps/2DSideScrollerExampleMap.2DSideScrollerExampleMap:PersistentLevel.2DSideScrollerExampleMap' with GeneratedClass '/Game/2DSideScrollerBP/Maps/2DSideScrollerExampleMap.2DSideScrollerExampleMap_C' with ClassGeneratedBy '/Game/2DSideScrollerBP/Maps/2DSideScrollerExampleMap.2DSideScrollerExampleMap:PersistentLevel.2DSideScrollerExampleMap'
[2018.11.01-18.19.40:204][ 51]LogSlate: Took 0.000773 seconds to synchronously load lazily loaded font '../../../Engine/Content/Slate/Fonts/Roboto-Light.ttf' (159K)
[2018.11.01-18.19.40:751][ 51]LogContentBrowser: Native class hierarchy updated for 'BlueprintGraph' in 0.0007 seconds. Added 116 classes and 0 folders.
[2018.11.01-18.19.41:582][ 51]LogSlate: Took 0.000178 seconds to synchronously load lazily loaded font '../../../Engine/Content/Slate/Fonts/Roboto-Regular.ttf' (155K)
[2018.11.01-18.19.41:748][ 51]LogSlate: Took 0.006082 seconds to synchronously load lazily loaded font '../../../Engine/Content/Editor/Slate/Fonts/Roboto-BoldCondensed.ttf' (158K)
[2018.11.01-18.19.42:133][ 52]LogSlate: Took 0.010166 seconds to synchronously load lazily loaded font '../../../Engine/Content/Editor/Slate/Fonts/Roboto-Italic.ttf' (157K)
[2018.11.01-18.20.18:304][529]LogSlate: Took 0.006762 seconds to synchronously load lazily loaded font '../../../Engine/Content/Editor/Slate/Fonts/Roboto-BoldCondensedItalic.ttf' (160K)
[2018.11.01-18.21.09:540][517]LogEditorTransaction: Undo Add Pin
[2018.11.01-18.21.09:604][517]LogSlate: Took 0.000355 seconds to synchronously load lazily loaded font '../../../Engine/Content/Slate/Fonts/Roboto-Light.ttf' (159K)
[2018.11.01-18.21.48:223][ 70]BlueprintLog: New page: Compile RoboChar
[2018.11.01-18.21.49:679][101]LogSavePackage: Save=131.92ms
[2018.11.01-18.21.49:679][101]LogSavePackage: Moving '../../../../../../Users/cleme/Documents/Unreal Projects/RoboRunner/RoboRun/Saved/RoboCharAC57C0A5424A0AED7C1C1AA399D25447.tmp' to '../../../../../../Users/cleme/Documents/Unreal Projects/RoboRunner/RoboRun/Content/RoboContent/BluePrints/RoboChar.uasset'
[2018.11.01-18.21.49:687][101]LogSavePackage: Display: Finished SavePackage ../../../../../../Users/cleme/Documents/Unreal Projects/RoboRunner/RoboRun/Content/RoboContent/BluePrints/RoboChar.uasset
[2018.11.01-18.21.52:484][232]LogTemp: Repeating last play command: Selected Viewport
[2018.11.01-18.21.52:542][232]LogBlueprintUserMessages: Early PlayInEditor Detection: Level '/Game/2DSideScrollerBP/Maps/2DSideScrollerExampleMap.2DSideScrollerExampleMap:PersistentLevel' has LevelScriptBlueprint '/Game/2DSideScrollerBP/Maps/2DSideScrollerExampleMap.2DSideScrollerExampleMap:PersistentLevel.2DSideScrollerExampleMap' with GeneratedClass '/Game/2DSideScrollerBP/Maps/2DSideScrollerExampleMap.2DSideScrollerExampleMap_C' with ClassGeneratedBy '/Game/2DSideScrollerBP/Maps/2DSideScrollerExampleMap.2DSideScrollerExampleMap:PersistentLevel.2DSideScrollerExampleMap'
[2018.11.01-18.21.52:543][232]LogPlayLevel: PlayLevel: No blueprints needed recompiling
[2018.11.01-18.21.52:543][232]PIE: New page: PIE session: 2DSideScrollerExampleMap (Nov 1, 2018, 8:21:52 AM)
[2018.11.01-18.21.52:543][232]LogPlayLevel: Creating play world package: /Game/2DSideScrollerBP/Maps/UEDPIE_0_2DSideScrollerExampleMap
[2018.11.01-18.21.52:548][232]LogPlayLevel: PIE: StaticDuplicateObject took: (0.005099s)
[2018.11.01-18.21.52:549][232]LogAIModule: Creating AISystem for world 2DSideScrollerExampleMap
[2018.11.01-18.21.52:549][232]LogPlayLevel: PIE: World Init took: (0.000887s)
[2018.11.01-18.21.52:549][232]LogPlayLevel: PIE: Created PIE world by copying editor world from /Game/2DSideScrollerBP/Maps/2DSideScrollerExampleMap.2DSideScrollerExampleMap to /Game/2DSideScrollerBP/Maps/UEDPIE_0_2DSideScrollerExampleMap.2DSideScrollerExampleMap (0.006297s)
[2018.11.01-18.21.52:583][232]LogInit: XAudio2 using 'Speakers (Realtek High Definition Audio(SST))' : 2 channels at 48 kHz using 32 bits per sample (channel mask 0x3)
[2018.11.01-18.21.52:602][232]LogInit: FAudioDevice initialized.
[2018.11.01-18.21.52:640][232]LogLoad: Game class is 'RoboGamemode_C'
[2018.11.01-18.21.52:643][232]LogWorld: Bringing World /Game/2DSideScrollerBP/Maps/UEDPIE_0_2DSideScrollerExampleMap.2DSideScrollerExampleMap up for play (max tick rate 60) at 2018.11.01-13.21.52
[2018.11.01-18.21.52:643][232]LogWorld: Bringing up level for play took: 0.002642
[2018.11.01-18.21.52:645][232]PIE: Play in editor start time for /Game/2DSideScrollerBP/Maps/UEDPIE_0_2DSideScrollerExampleMap -0.702
[2018.11.01-18.21.52:645][232]LogBlueprintUserMessages: Late PlayInEditor Detection: Level '/Game/2DSideScrollerBP/Maps/2DSideScrollerExampleMap.2DSideScrollerExampleMap:PersistentLevel' has LevelScriptBlueprint '/Game/2DSideScrollerBP/Maps/2DSideScrollerExampleMap.2DSideScrollerExampleMap:PersistentLevel.2DSideScrollerExampleMap' with GeneratedClass '/Game/2DSideScrollerBP/Maps/2DSideScrollerExampleMap.2DSideScrollerExampleMap_C' with ClassGeneratedBy '/Game/2DSideScrollerBP/Maps/2DSideScrollerExampleMap.2DSideScrollerExampleMap:PersistentLevel.2DSideScrollerExampleMap'
[2018.11.01-18.22.00:359][691]LogBlueprintUserMessages: Early EndPlayMap Detection: Level '/Game/2DSideScrollerBP/Maps/2DSideScrollerExampleMap.2DSideScrollerExampleMap:PersistentLevel' has LevelScriptBlueprint '/Game/2DSideScrollerBP/Maps/2DSideScrollerExampleMap.2DSideScrollerExampleMap:PersistentLevel.2DSideScrollerExampleMap' with GeneratedClass '/Game/2DSideScrollerBP/Maps/2DSideScrollerExampleMap.2DSideScrollerExampleMap_C' with ClassGeneratedBy '/Game/2DSideScrollerBP/Maps/2DSideScrollerExampleMap.2DSideScrollerExampleMap:PersistentLevel.2DSideScrollerExampleMap'
[2018.11.01-18.22.00:400][691]LogBlueprintUserMessages: Late EndPlayMap Detection: Level '/Game/2DSideScrollerBP/Maps/2DSideScrollerExampleMap.2DSideScrollerExampleMap:PersistentLevel' has LevelScriptBlueprint '/Game/2DSideScrollerBP/Maps/2DSideScrollerExampleMap.2DSideScrollerExampleMap:PersistentLevel.2DSideScrollerExampleMap' with GeneratedClass '/Game/2DSideScrollerBP/Maps/2DSideScrollerExampleMap.2DSideScrollerExampleMap_C' with ClassGeneratedBy '/Game/2DSideScrollerBP/Maps/2DSideScrollerExampleMap.2DSideScrollerExampleMap:PersistentLevel.2DSideScrollerExampleMap'
[2018.11.01-18.22.06:870][950]BlueprintLog: New page: Compile RoboChar
[2018.11.01-18.22.08:924][ 30]LogTemp: Repeating last play command: Selected Viewport
[2018.11.01-18.22.08:961][ 30]LogBlueprintUserMessages: Early PlayInEditor Detection: Level '/Game/2DSideScrollerBP/Maps/2DSideScrollerExampleMap.2DSideScrollerExampleMap:PersistentLevel' has LevelScriptBlueprint '/Game/2DSideScrollerBP/Maps/2DSideScrollerExampleMap.2DSideScrollerExampleMap:PersistentLevel.2DSideScrollerExampleMap' with GeneratedClass '/Game/2DSideScrollerBP/Maps/2DSideScrollerExampleMap.2DSideScrollerExampleMap_C' with ClassGeneratedBy '/Game/2DSideScrollerBP/Maps/2DSideScrollerExampleMap.2DSideScrollerExampleMap:PersistentLevel.2DSideScrollerExampleMap'
[2018.11.01-18.22.08:961][ 30]LogPlayLevel: PlayLevel: No blueprints needed recompiling
[2018.11.01-18.22.08:962][ 30]PIE: New page: PIE session: 2DSideScrollerExampleMap (Nov 1, 2018, 8:22:08 AM)
[2018.11.01-18.22.08:962][ 30]LogPlayLevel: Creating play world package: /Game/2DSideScrollerBP/Maps/UEDPIE_0_2DSideScrollerExampleMap
[2018.11.01-18.22.08:966][ 30]LogPlayLevel: PIE: StaticDuplicateObject took: (0.004462s)
[2018.11.01-18.22.08:967][ 30]LogAIModule: Creating AISystem for world 2DSideScrollerExampleMap
[2018.11.01-18.22.08:967][ 30]LogPlayLevel: PIE: World Init took: (0.000857s)
[2018.11.01-18.22.08:967][ 30]LogPlayLevel: PIE: Created PIE world by copying editor world from /Game/2DSideScrollerBP/Maps/2DSideScrollerExampleMap.2DSideScrollerExampleMap to /Game/2DSideScrollerBP/Maps/UEDPIE_0_2DSideScrollerExampleMap.2DSideScrollerExampleMap (0.005592s)
[2018.11.01-18.22.08:998][ 30]LogInit: XAudio2 using 'Speakers (Realtek High Definition Audio(SST))' : 2 channels at 48 kHz using 32 bits per sample (channel mask 0x3)
[2018.11.01-18.22.09:018][ 30]LogInit: FAudioDevice initialized.
[2018.11.01-18.22.09:053][ 30]LogLoad: Game class is 'RoboGamemode_C'
[2018.11.01-18.22.09:055][ 30]LogWorld: Bringing World /Game/2DSideScrollerBP/Maps/UEDPIE_0_2DSideScrollerExampleMap.2DSideScrollerExampleMap up for play (max tick rate 60) at 2018.11.01-13.22.09
[2018.11.01-18.22.09:056][ 30]LogWorld: Bringing up level for play took: 0.002597
[2018.11.01-18.22.09:057][ 30]PIE: Play in editor start time for /Game/2DSideScrollerBP/Maps/UEDPIE_0_2DSideScrollerExampleMap -0.29
[2018.11.01-18.22.09:057][ 30]LogBlueprintUserMessages: Late PlayInEditor Detection: Level '/Game/2DSideScrollerBP/Maps/2DSideScrollerExampleMap.2DSideScrollerExampleMap:PersistentLevel' has LevelScriptBlueprint '/Game/2DSideScrollerBP/Maps/2DSideScrollerExampleMap.2DSideScrollerExampleMap:PersistentLevel.2DSideScrollerExampleMap' with GeneratedClass '/Game/2DSideScrollerBP/Maps/2DSideScrollerExampleMap.2DSideScrollerExampleMap_C' with ClassGeneratedBy '/Game/2DSideScrollerBP/Maps/2DSideScrollerExampleMap.2DSideScrollerExampleMap:PersistentLevel.2DSideScrollerExampleMap'
[2018.11.01-18.22.15:916][439]LogBlueprintUserMessages: Early EndPlayMap Detection: Level '/Game/2DSideScrollerBP/Maps/2DSideScrollerExampleMap.2DSideScrollerExampleMap:PersistentLevel' has LevelScriptBlueprint '/Game/2DSideScrollerBP/Maps/2DSideScrollerExampleMap.2DSideScrollerExampleMap:PersistentLevel.2DSideScrollerExampleMap' with GeneratedClass '/Game/2DSideScrollerBP/Maps/2DSideScrollerExampleMap.2DSideScrollerExampleMap_C' with ClassGeneratedBy '/Game/2DSideScrollerBP/Maps/2DSideScrollerExampleMap.2DSideScrollerExampleMap:PersistentLevel.2DSideScrollerExampleMap'
[2018.11.01-18.22.15:959][439]LogBlueprintUserMessages: Late EndPlayMap Detection: Level '/Game/2DSideScrollerBP/Maps/2DSideScrollerExampleMap.2DSideScrollerExampleMap:PersistentLevel' has LevelScriptBlueprint '/Game/2DSideScrollerBP/Maps/2DSideScrollerExampleMap.2DSideScrollerExampleMap:PersistentLevel.2DSideScrollerExampleMap' with GeneratedClass '/Game/2DSideScrollerBP/Maps/2DSideScrollerExampleMap.2DSideScrollerExampleMap_C' with ClassGeneratedBy '/Game/2DSideScrollerBP/Maps/2DSideScrollerExampleMap.2DSideScrollerExampleMap:PersistentLevel.2DSideScrollerExampleMap'
[2018.11.01-18.22.25:660][840]LogSavePackage: Save=132.23ms
[2018.11.01-18.22.25:660][840]LogSavePackage: Moving '../../../../../../Users/cleme/Documents/Unreal Projects/RoboRunner/RoboRun/Saved/RoboChar273946E24E591D4E6CD1B282BBFF2BED.tmp' to '../../../../../../Users/cleme/Documents/Unreal Projects/RoboRunner/RoboRun/Content/RoboContent/BluePrints/RoboChar.uasset'
[2018.11.01-18.22.25:664][840]LogSavePackage: Display: Finished SavePackage ../../../../../../Users/cleme/Documents/Unreal Projects/RoboRunner/RoboRun/Content/RoboContent/BluePrints/RoboChar.uasset
[2018.11.01-18.22.30:388][ 36]BlueprintLog: New page: Compile RoboChar
[2018.11.01-18.22.49:981][779]BlueprintLog: New page: Compile RoboChar
[2018.11.01-18.22.51:896][828]LogSavePackage: Save=149.26ms
[2018.11.01-18.22.51:896][828]LogSavePackage: Moving '../../../../../../Users/cleme/Documents/Unreal Projects/RoboRunner/RoboRun/Saved/RoboCharB154A6474E4E6031F83F56AFE7B6E198.tmp' to '../../../../../../Users/cleme/Documents/Unreal Projects/RoboRunner/RoboRun/Content/RoboContent/BluePrints/RoboChar.uasset'
[2018.11.01-18.22.51:901][828]LogSavePackage: Display: Finished SavePackage ../../../../../../Users/cleme/Documents/Unreal Projects/RoboRunner/RoboRun/Content/RoboContent/BluePrints/RoboChar.uasset
[2018.11.01-18.22.53:224][886]LogTemp: Repeating last play command: Selected Viewport
[2018.11.01-18.22.53:292][886]LogBlueprintUserMessages: Early PlayInEditor Detection: Level '/Game/2DSideScrollerBP/Maps/2DSideScrollerExampleMap.2DSideScrollerExampleMap:PersistentLevel' has LevelScriptBlueprint '/Game/2DSideScrollerBP/Maps/2DSideScrollerExampleMap.2DSideScrollerExampleMap:PersistentLevel.2DSideScrollerExampleMap' with GeneratedClass '/Game/2DSideScrollerBP/Maps/2DSideScrollerExampleMap.2DSideScrollerExampleMap_C' with ClassGeneratedBy '/Game/2DSideScrollerBP/Maps/2DSideScrollerExampleMap.2DSideScrollerExampleMap:PersistentLevel.2DSideScrollerExampleMap'
[2018.11.01-18.22.53:292][886]LogPlayLevel: PlayLevel: No blueprints needed recompiling
[2018.11.01-18.22.53:292][886]PIE: New page: PIE session: 2DSideScrollerExampleMap (Nov 1, 2018, 8:22:53 AM)
[2018.11.01-18.22.53:292][886]LogPlayLevel: Creating play world package: /Game/2DSideScrollerBP/Maps/UEDPIE_0_2DSideScrollerExampleMap
[2018.11.01-18.22.53:298][886]LogPlayLevel: PIE: StaticDuplicateObject took: (0.005433s)
[2018.11.01-18.22.53:298][886]LogAIModule: Creating AISystem for world 2DSideScrollerExampleMap
[2018.11.01-18.22.53:299][886]LogPlayLevel: PIE: World Init took: (0.000919s)
[2018.11.01-18.22.53:299][886]LogPlayLevel: PIE: Created PIE world by copying editor world from /Game/2DSideScrollerBP/Maps/2DSideScrollerExampleMap.2DSideScrollerExampleMap to /Game/2DSideScrollerBP/Maps/UEDPIE_0_2DSideScrollerExampleMap.2DSideScrollerExampleMap (0.006686s)
[2018.11.01-18.22.53:331][886]LogInit: XAudio2 using 'Speakers (Realtek High Definition Audio(SST))' : 2 channels at 48 kHz using 32 bits per sample (channel mask 0x3)
[2018.11.01-18.22.53:351][886]LogInit: FAudioDevice initialized.
[2018.11.01-18.22.53:391][886]LogLoad: Game class is 'RoboGamemode_C'
[2018.11.01-18.22.53:397][886]LogWorld: Bringing World /Game/2DSideScrollerBP/Maps/UEDPIE_0_2DSideScrollerExampleMap.2DSideScrollerExampleMap up for play (max tick rate 60) at 2018.11.01-13.22.53
[2018.11.01-18.22.53:398][886]LogWorld: Bringing up level for play took: 0.005842
[2018.11.01-18.22.53:400][886]PIE: Play in editor start time for /Game/2DSideScrollerBP/Maps/UEDPIE_0_2DSideScrollerExampleMap 0.054
[2018.11.01-18.22.53:401][886]LogBlueprintUserMessages: Late PlayInEditor Detection: Level '/Game/2DSideScrollerBP/Maps/2DSideScrollerExampleMap.2DSideScrollerExampleMap:PersistentLevel' has LevelScriptBlueprint '/Game/2DSideScrollerBP/Maps/2DSideScrollerExampleMap.2DSideScrollerExampleMap:PersistentLevel.2DSideScrollerExampleMap' with GeneratedClass '/Game/2DSideScrollerBP/Maps/2DSideScrollerExampleMap.2DSideScrollerExampleMap_C' with ClassGeneratedBy '/Game/2DSideScrollerBP/Maps/2DSideScrollerExampleMap.2DSideScrollerExampleMap:PersistentLevel.2DSideScrollerExampleMap'
[2018.11.01-18.23.03:618][546]LogBlueprintUserMessages: Early EndPlayMap Detection: Level '/Game/2DSideScrollerBP/Maps/2DSideScrollerExampleMap.2DSideScrollerExampleMap:PersistentLevel' has LevelScriptBlueprint '/Game/2DSideScrollerBP/Maps/2DSideScrollerExampleMap.2DSideScrollerExampleMap:PersistentLevel.2DSideScrollerExampleMap' with GeneratedClass '/Game/2DSideScrollerBP/Maps/2DSideScrollerExampleMap.2DSideScrollerExampleMap_C' with ClassGeneratedBy '/Game/2DSideScrollerBP/Maps/2DSideScrollerExampleMap.2DSideScrollerExampleMap:PersistentLevel.2DSideScrollerExampleMap'
[2018.11.01-18.23.03:654][546]LogBlueprintUserMessages: Late EndPlayMap Detection: Level '/Game/2DSideScrollerBP/Maps/2DSideScrollerExampleMap.2DSideScrollerExampleMap:PersistentLevel' has LevelScriptBlueprint '/Game/2DSideScrollerBP/Maps/2DSideScrollerExampleMap.2DSideScrollerExampleMap:PersistentLevel.2DSideScrollerExampleMap' with GeneratedClass '/Game/2DSideScrollerBP/Maps/2DSideScrollerExampleMap.2DSideScrollerExampleMap_C' with ClassGeneratedBy '/Game/2DSideScrollerBP/Maps/2DSideScrollerExampleMap.2DSideScrollerExampleMap:PersistentLevel.2DSideScrollerExampleMap'
[2018.11.01-18.23.07:866][717]LogRenderer: Reallocating scene render targets to support 1208x696 Format 9 NumSamples 1 (Frame:1).
[2018.11.01-18.23.33:756][385]BlueprintLog: New page: Compile RoboChar
[2018.11.01-18.23.35:111][400]LogSavePackage: Save=144.55ms
[2018.11.01-18.23.35:111][400]LogSavePackage: Moving '../../../../../../Users/cleme/Documents/Unreal Projects/RoboRunner/RoboRun/Saved/RoboChar6FB386C24F0BD5A5231EC2A369D145AA.tmp' to '../../../../../../Users/cleme/Documents/Unreal Projects/RoboRunner/RoboRun/Content/RoboContent/BluePrints/RoboChar.uasset'
[2018.11.01-18.23.35:115][400]LogSavePackage: Display: Finished SavePackage ../../../../../../Users/cleme/Documents/Unreal Projects/RoboRunner/RoboRun/Content/RoboContent/BluePrints/RoboChar.uasset
[2018.11.01-18.23.37:124][472]LogTemp: Repeating last play command: Selected Viewport
[2018.11.01-18.23.37:165][472]LogBlueprintUserMessages: Early PlayInEditor Detection: Level '/Game/2DSideScrollerBP/Maps/2DSideScrollerExampleMap.2DSideScrollerExampleMap:PersistentLevel' has LevelScriptBlueprint '/Game/2DSideScrollerBP/Maps/2DSideScrollerExampleMap.2DSideScrollerExampleMap:PersistentLevel.2DSideScrollerExampleMap' with GeneratedClass '/Game/2DSideScrollerBP/Maps/2DSideScrollerExampleMap.2DSideScrollerExampleMap_C' with ClassGeneratedBy '/Game/2DSideScrollerBP/Maps/2DSideScrollerExampleMap.2DSideScrollerExampleMap:PersistentLevel.2DSideScrollerExampleMap'
[2018.11.01-18.23.37:166][472]LogPlayLevel: PlayLevel: No blueprints needed recompiling
[2018.11.01-18.23.37:166][472]PIE: New page: PIE session: 2DSideScrollerExampleMap (Nov 1, 2018, 8:23:37 AM)
[2018.11.01-18.23.37:166][472]LogPlayLevel: Creating play world package: /Game/2DSideScrollerBP/Maps/UEDPIE_0_2DSideScrollerExampleMap
[2018.11.01-18.23.37:172][472]LogPlayLevel: PIE: StaticDuplicateObject took: (0.006005s)
[2018.11.01-18.23.37:173][472]LogAIModule: Creating AISystem for world 2DSideScrollerExampleMap
[2018.11.01-18.23.37:173][472]LogPlayLevel: PIE: World Init took: (0.000972s)
[2018.11.01-18.23.37:173][472]LogPlayLevel: PIE: Created PIE world by copying editor world from /Game/2DSideScrollerBP/Maps/2DSideScrollerExampleMap.2DSideScrollerExampleMap to /Game/2DSideScrollerBP/Maps/UEDPIE_0_2DSideScrollerExampleMap.2DSideScrollerExampleMap (0.007346s)
[2018.11.01-18.23.37:205][472]LogInit: XAudio2 using 'Speakers (Realtek High Definition Audio(SST))' : 2 channels at 48 kHz using 32 bits per sample (channel mask 0x3)
[2018.11.01-18.23.37:225][472]LogInit: FAudioDevice initialized.
[2018.11.01-18.23.37:259][472]LogLoad: Game class is 'RoboGamemode_C'
[2018.11.01-18.23.37:263][472]LogWorld: Bringing World /Game/2DSideScrollerBP/Maps/UEDPIE_0_2DSideScrollerExampleMap.2DSideScrollerExampleMap up for play (max tick rate 60) at 2018.11.01-13.23.37
[2018.11.01-18.23.37:263][472]LogWorld: Bringing up level for play took: 0.003688
[2018.11.01-18.23.37:265][472]PIE: Play in editor start time for /Game/2DSideScrollerBP/Maps/UEDPIE_0_2DSideScrollerExampleMap -0.081
[2018.11.01-18.23.37:266][472]LogBlueprintUserMessages: Late PlayInEditor Detection: Level '/Game/2DSideScrollerBP/Maps/2DSideScrollerExampleMap.2DSideScrollerExampleMap:PersistentLevel' has LevelScriptBlueprint '/Game/2DSideScrollerBP/Maps/2DSideScrollerExampleMap.2DSideScrollerExampleMap:PersistentLevel.2DSideScrollerExampleMap' with GeneratedClass '/Game/2DSideScrollerBP/Maps/2DSideScrollerExampleMap.2DSideScrollerExampleMap_C' with ClassGeneratedBy '/Game/2DSideScrollerBP/Maps/2DSideScrollerExampleMap.2DSideScrollerExampleMap:PersistentLevel.2DSideScrollerExampleMap'
[2018.11.01-18.23.55:543][563]LogBlueprintUserMessages: Early EndPlayMap Detection: Level '/Game/2DSideScrollerBP/Maps/2DSideScrollerExampleMap.2DSideScrollerExampleMap:PersistentLevel' has LevelScriptBlueprint '/Game/2DSideScrollerBP/Maps/2DSideScrollerExampleMap.2DSideScrollerExampleMap:PersistentLevel.2DSideScrollerExampleMap' with GeneratedClass '/Game/2DSideScrollerBP/Maps/2DSideScrollerExampleMap.2DSideScrollerExampleMap_C' with ClassGeneratedBy '/Game/2DSideScrollerBP/Maps/2DSideScrollerExampleMap.2DSideScrollerExampleMap:PersistentLevel.2DSideScrollerExampleMap'
[2018.11.01-18.23.55:578][563]LogBlueprintUserMessages: Late EndPlayMap Detection: Level '/Game/2DSideScrollerBP/Maps/2DSideScrollerExampleMap.2DSideScrollerExampleMap:PersistentLevel' has LevelScriptBlueprint '/Game/2DSideScrollerBP/Maps/2DSideScrollerExampleMap.2DSideScrollerExampleMap:PersistentLevel.2DSideScrollerExampleMap' with GeneratedClass '/Game/2DSideScrollerBP/Maps/2DSideScrollerExampleMap.2DSideScrollerExampleMap_C' with ClassGeneratedBy '/Game/2DSideScrollerBP/Maps/2DSideScrollerExampleMap.2DSideScrollerExampleMap:PersistentLevel.2DSideScrollerExampleMap'
[2018.11.01-18.24.03:445][807]BlueprintLog: New page: Compile RoboChar
[2018.11.01-18.24.04:802][824]LogSavePackage: Save=123.69ms
[2018.11.01-18.24.04:802][824]LogSavePackage: Moving '../../../../../../Users/cleme/Documents/Unreal Projects/RoboRunner/RoboRun/Saved/RoboChar1207D77C4AAED76D9F0611B46AB7E060.tmp' to '../../../../../../Users/cleme/Documents/Unreal Projects/RoboRunner/RoboRun/Content/RoboContent/BluePrints/RoboChar.uasset'
[2018.11.01-18.24.04:806][824]LogSavePackage: Display: Finished SavePackage ../../../../../../Users/cleme/Documents/Unreal Projects/RoboRunner/RoboRun/Content/RoboContent/BluePrints/RoboChar.uasset
[2018.11.01-18.24.06:736][892]LogTemp: Repeating last play command: Selected Viewport
[2018.11.01-18.24.06:791][892]LogBlueprintUserMessages: Early PlayInEditor Detection: Level '/Game/2DSideScrollerBP/Maps/2DSideScrollerExampleMap.2DSideScrollerExampleMap:PersistentLevel' has LevelScriptBlueprint '/Game/2DSideScrollerBP/Maps/2DSideScrollerExampleMap.2DSideScrollerExampleMap:PersistentLevel.2DSideScrollerExampleMap' with GeneratedClass '/Game/2DSideScrollerBP/Maps/2DSideScrollerExampleMap.2DSideScrollerExampleMap_C' with ClassGeneratedBy '/Game/2DSideScrollerBP/Maps/2DSideScrollerExampleMap.2DSideScrollerExampleMap:PersistentLevel.2DSideScrollerExampleMap'
[2018.11.01-18.24.06:791][892]LogPlayLevel: PlayLevel: No blueprints needed recompiling
[2018.11.01-18.24.06:791][892]PIE: New page: PIE session: 2DSideScrollerExampleMap (Nov 1, 2018, 8:24:06 AM)
[2018.11.01-18.24.06:791][892]LogPlayLevel: Creating play world package: /Game/2DSideScrollerBP/Maps/UEDPIE_0_2DSideScrollerExampleMap
[2018.11.01-18.24.06:797][892]LogPlayLevel: PIE: StaticDuplicateObject took: (0.004927s)
[2018.11.01-18.24.06:797][892]LogAIModule: Creating AISystem for world 2DSideScrollerExampleMap
[2018.11.01-18.24.06:797][892]LogPlayLevel: PIE: World Init took: (0.000786s)
[2018.11.01-18.24.06:798][892]LogPlayLevel: PIE: Created PIE world by copying editor world from /Game/2DSideScrollerBP/Maps/2DSideScrollerExampleMap.2DSideScrollerExampleMap to /Game/2DSideScrollerBP/Maps/UEDPIE_0_2DSideScrollerExampleMap.2DSideScrollerExampleMap (0.006075s)
[2018.11.01-18.24.06:826][892]LogInit: XAudio2 using 'Speakers (Realtek High Definition Audio(SST))' : 2 channels at 48 kHz using 32 bits per sample (channel mask 0x3)
[2018.11.01-18.24.06:846][892]LogInit: FAudioDevice initialized.
[2018.11.01-18.24.06:882][892]LogLoad: Game class is 'RoboGamemode_C'
[2018.11.01-18.24.06:885][892]LogWorld: Bringing World /Game/2DSideScrollerBP/Maps/UEDPIE_0_2DSideScrollerExampleMap.2DSideScrollerExampleMap up for play (max tick rate 60) at 2018.11.01-13.24.06
[2018.11.01-18.24.06:886][892]LogWorld: Bringing up level for play took: 0.003072
[2018.11.01-18.24.06:887][892]PIE: Play in editor start time for /Game/2DSideScrollerBP/Maps/UEDPIE_0_2DSideScrollerExampleMap -0.459
[2018.11.01-18.24.06:887][892]LogBlueprintUserMessages: Late PlayInEditor Detection: Level '/Game/2DSideScrollerBP/Maps/2DSideScrollerExampleMap.2DSideScrollerExampleMap:PersistentLevel' has LevelScriptBlueprint '/Game/2DSideScrollerBP/Maps/2DSideScrollerExampleMap.2DSideScrollerExampleMap:PersistentLevel.2DSideScrollerExampleMap' with GeneratedClass '/Game/2DSideScrollerBP/Maps/2DSideScrollerExampleMap.2DSideScrollerExampleMap_C' with ClassGeneratedBy '/Game/2DSideScrollerBP/Maps/2DSideScrollerExampleMap.2DSideScrollerExampleMap:PersistentLevel.2DSideScrollerExampleMap'
[2018.11.01-18.24.16:692][477]LogBlueprintUserMessages: Early EndPlayMap Detection: Level '/Game/2DSideScrollerBP/Maps/2DSideScrollerExampleMap.2DSideScrollerExampleMap:PersistentLevel' has LevelScriptBlueprint '/Game/2DSideScrollerBP/Maps/2DSideScrollerExampleMap.2DSideScrollerExampleMap:PersistentLevel.2DSideScrollerExampleMap' with GeneratedClass '/Game/2DSideScrollerBP/Maps/2DSideScrollerExampleMap.2DSideScrollerExampleMap_C' with ClassGeneratedBy '/Game/2DSideScrollerBP/Maps/2DSideScrollerExampleMap.2DSideScrollerExampleMap:PersistentLevel.2DSideScrollerExampleMap'
[2018.11.01-18.24.16:737][477]LogBlueprintUserMessages: Late EndPlayMap Detection: Level '/Game/2DSideScrollerBP/Maps/2DSideScrollerExampleMap.2DSideScrollerExampleMap:PersistentLevel' has LevelScriptBlueprint '/Game/2DSideScrollerBP/Maps/2DSideScrollerExampleMap.2DSideScrollerExampleMap:PersistentLevel.2DSideScrollerExampleMap' with GeneratedClass '/Game/2DSideScrollerBP/Maps/2DSideScrollerExampleMap.2DSideScrollerExampleMap_C' with ClassGeneratedBy '/Game/2DSideScrollerBP/Maps/2DSideScrollerExampleMap.2DSideScrollerExampleMap:PersistentLevel.2DSideScrollerExampleMap'
[2018.11.01-18.24.19:757][618]LogSavePackage: Save=216.82ms
[2018.11.01-18.24.19:757][618]LogSavePackage: Moving '../../../../../../Users/cleme/Documents/Unreal Projects/RoboRunner/RoboRun/Saved/2DSideScrollerExampleMap21EF71EF4F020DAA26A183B560305FB3.tmp' to '../../../../../../Users/cleme/Documents/Unreal Projects/RoboRunner/RoboRun/Content/2DSideScrollerBP/Maps/2DSideScrollerExampleMap.umap'
[2018.11.01-18.24.19:761][618]LogSavePackage: Display: Finished SavePackage ../../../../../../Users/cleme/Documents/Unreal Projects/RoboRunner/RoboRun/Content/2DSideScrollerBP/Maps/2DSideScrollerExampleMap.umap
[2018.11.01-18.24.19:824][618]LogSavePackage: Save=9.37ms
[2018.11.01-18.24.19:824][618]LogSavePackage: Moving '../../../../../../Users/cleme/Documents/Unreal Projects/RoboRunner/RoboRun/Saved/2DSideScrollerExampleMap_BuiltDaF5F101034C7DC5C9476716BB9AEA3F46.tmp' to '../../../../../../Users/cleme/Documents/Unreal Projects/RoboRunner/RoboRun/Content/2DSideScrollerBP/Maps/2DSideScrollerExampleMap_BuiltData.uasset'
[2018.11.01-18.24.19:826][618]LogSavePackage: Display: Finished SavePackage ../../../../../../Users/cleme/Documents/Unreal Projects/RoboRunner/RoboRun/Content/2DSideScrollerBP/Maps/2DSideScrollerExampleMap_BuiltData.uasset
[2018.11.01-18.24.22:685][764]LogWindowsTextInputMethodSystem: Display: IME system now deactivated.
[2018.11.01-18.24.22:920][765]Cmd: QUIT_EDITOR
[2018.11.01-18.24.23:974][765]LogExit: Preparing to exit.
[2018.11.01-18.24.24:400][765]LogDirectoryWatcher: A directory notification for 'C:/Users/cleme/Documents/Unreal Projects/RoboRunner/RoboRun/Content/' was aborted.
[2018.11.01-18.24.24:455][765]LogExit: Editor shut down
[2018.11.01-18.24.24:460][765]LogExit: Transaction tracking system shut down
[2018.11.01-18.24.24:684][765]LogDirectoryWatcher: A directory notification for '../../../Engine/Content/' was aborted.
[2018.11.01-18.24.24:684][765]LogDirectoryWatcher: A directory notification for '../../../../../../Users/cleme/Documents/Unreal Projects/RoboRunner/RoboRun/Content/' was aborted.
[2018.11.01-18.24.24:684][765]LogDirectoryWatcher: A directory notification for '../../../Engine/Plugins/2D/Paper2D/Content/' was aborted.
[2018.11.01-18.24.24:684][765]LogDirectoryWatcher: A directory notification for '../../../Engine/Plugins/Media/MediaCompositing/Content/' was aborted.
[2018.11.01-18.24.24:684][765]LogDirectoryWatcher: A directory notification for '../../../Engine/Plugins/Runtime/AppleARKit/Content/' was aborted.
[2018.11.01-18.24.24:684][765]LogDirectoryWatcher: A directory notification for '../../../Engine/Plugins/Runtime/Oculus/OculusVR/Content/' was aborted.
[2018.11.01-18.24.24:684][765]LogDirectoryWatcher: A directory notification for '../../../Engine/Plugins/Runtime/Steam/SteamVR/Content/' was aborted.
[2018.11.01-18.24.24:864][765]LogExit: Object subsystem successfully closed.
[2018.11.01-18.24.24:934][765]LogD3D11RHI: Shutdown
[2018.11.01-18.24.24:934][765]LogD3D11RHI: CleanupD3DDevice
[2018.11.01-18.24.24:966][765]LogD3D11RHI: ~FD3D11DynamicRHI
[2018.11.01-18.24.25:033][765]LogModuleManager: Shutting down and abandoning module BlueprintGraph (552)
[2018.11.01-18.24.25:033][765]LogModuleManager: Shutting down and abandoning module MovieSceneCapture (550)
[2018.11.01-18.24.25:033][765]LogModuleManager: Shutting down and abandoning module HierarchicalLODOutliner (548)
[2018.11.01-18.24.25:033][765]LogModuleManager: Shutting down and abandoning module SceneOutliner (546)
[2018.11.01-18.24.25:033][765]LogModuleManager: Shutting down and abandoning module AddContentDialog (544)
[2018.11.01-18.24.25:035][765]LogDirectoryWatcher: A directory notification for 'C:/Program Files/Epic Games/UE_4.18/FeaturePacks/' was aborted.
[2018.11.01-18.24.25:036][765]LogModuleManager: Shutting down and abandoning module WidgetCarousel (543)
[2018.11.01-18.24.25:036][765]LogModuleManager: Shutting down and abandoning module EditorWidgets (540)
[2018.11.01-18.24.25:036][765]LogModuleManager: Shutting down and abandoning module CollectionManager (538)
[2018.11.01-18.24.25:037][765]LogDirectoryWatcher: A directory notification for 'C:/Users/cleme/Documents/Unreal Projects/RoboRunner/RoboRun/Content/Collections/' was aborted.
[2018.11.01-18.24.25:037][765]LogDirectoryWatcher: A directory notification for 'C:/Users/cleme/Documents/Unreal Projects/RoboRunner/RoboRun/Content/Developers/cleme/Collections/' was aborted.
[2018.11.01-18.24.25:037][765]LogDirectoryWatcher: A directory notification for 'C:/Users/cleme/Documents/Unreal Projects/RoboRunner/RoboRun/Saved/Collections/' was aborted.
[2018.11.01-18.24.25:037][765]LogModuleManager: Shutting down and abandoning module StatsViewer (536)
[2018.11.01-18.24.25:038][765]LogModuleManager: Shutting down and abandoning module FoliageEdit (534)
[2018.11.01-18.24.25:038][765]LogModuleManager: Shutting down and abandoning module LandscapeEditor (532)
[2018.11.01-18.24.25:039][765]LogModuleManager: Shutting down and abandoning module MeshPaintMode (530)
[2018.11.01-18.24.25:040][765]LogModuleManager: Shutting down and abandoning module SceneDepthPickerMode (528)
[2018.11.01-18.24.25:040][765]LogModuleManager: Shutting down and abandoning module ActorPickerMode (526)
[2018.11.01-18.24.25:040][765]LogModuleManager: Shutting down and abandoning module GeometryMode (524)
[2018.11.01-18.24.25:040][765]LogModuleManager: Shutting down and abandoning module TextureAlignMode (522)
[2018.11.01-18.24.25:040][765]LogModuleManager: Shutting down and abandoning module BspMode (520)
[2018.11.01-18.24.25:040][765]LogModuleManager: Shutting down and abandoning module PIEPreviewDeviceProfileSelector (518)
[2018.11.01-18.24.25:040][765]LogModuleManager: Shutting down and abandoning module HardwareSurvey (516)
[2018.11.01-18.24.25:040][765]LogModuleManager: Shutting down and abandoning module SequenceRecorderSections (514)
[2018.11.01-18.24.25:040][765]LogModuleManager: Shutting down and abandoning module AutomationWorker (512)
[2018.11.01-18.24.25:040][765]LogModuleManager: Shutting down and abandoning module MatineeToLevelSequence (510)
[2018.11.01-18.24.25:041][765]LogModuleManager: Shutting down and abandoning module LevelSequenceEditor (508)
[2018.11.01-18.24.25:044][765]LogModuleManager: Shutting down and abandoning module PlacementMode (507)
[2018.11.01-18.24.25:044][765]LogModuleManager: Shutting down and abandoning module WmfMediaFactory (504)
[2018.11.01-18.24.25:044][765]LogModuleManager: Shutting down and abandoning module WmfMediaEditor (502)
[2018.11.01-18.24.25:044][765]LogModuleManager: Shutting down and abandoning module OpenExrWrapper (500)
[2018.11.01-18.24.25:044][765]LogModuleManager: Shutting down and abandoning module ImgMediaFactory (498)
[2018.11.01-18.24.25:044][765]LogModuleManager: Shutting down and abandoning module ImgMediaEditor (496)
[2018.11.01-18.24.25:044][765]LogModuleManager: Shutting down and abandoning module AvfMediaFactory (494)
[2018.11.01-18.24.25:044][765]LogModuleManager: Shutting down and abandoning module AvfMediaEditor (492)
[2018.11.01-18.24.25:044][765]LogModuleManager: Shutting down and abandoning module AndroidMediaFactory (490)
[2018.11.01-18.24.25:044][765]LogModuleManager: Shutting down and abandoning module AndroidMediaEditor (488)
[2018.11.01-18.24.25:044][765]LogModuleManager: Shutting down and abandoning module CharacterAI (486)
[2018.11.01-18.24.25:044][765]LogModuleManager: Shutting down and abandoning module AudioCapture (484)
[2018.11.01-18.24.25:044][765]LogModuleManager: Shutting down and abandoning module SequenceRecorder (483)
[2018.11.01-18.24.25:044][765]LogModuleManager: Shutting down and abandoning module SmartSnapping (480)
[2018.11.01-18.24.25:045][765]LogModuleManager: Shutting down and abandoning module SessionServices (478)
[2018.11.01-18.24.25:045][765]LogModuleManager: Shutting down and abandoning module ViewportSnapping (476)
[2018.11.01-18.24.25:045][765]LogModuleManager: Shutting down and abandoning module ViewportInteraction (474)
[2018.11.01-18.24.25:045][765]LogModuleManager: Shutting down and abandoning module ClothPainter (472)
[2018.11.01-18.24.25:046][765]LogModuleManager: Shutting down and abandoning module SkeletalMeshEditor (471)
[2018.11.01-18.24.25:048][765]LogModuleManager: Shutting down and abandoning module LogVisualizer (468)
[2018.11.01-18.24.25:049][765]LogModuleManager: Shutting down and abandoning module IntroTutorials (466)
[2018.11.01-18.24.25:051][765]LogModuleManager: Shutting down and abandoning module GameProjectGeneration (465)
[2018.11.01-18.24.25:052][765]LogModuleManager: Shutting down and abandoning module IOSPlatformEditor (462)
[2018.11.01-18.24.25:052][765]LogModuleManager: Shutting down and abandoning module HTML5PlatformEditor (460)
[2018.11.01-18.24.25:052][765]LogModuleManager: Shutting down and abandoning module AndroidPlatformEditor (458)
[2018.11.01-18.24.25:052][765]LogModuleManager: Shutting down and abandoning module AndroidDeviceDetection (457)
[2018.11.01-18.24.25:348][765]LogModuleManager: Shutting down and abandoning module WindowsPlatformEditor (454)
[2018.11.01-18.24.25:348][765]LogModuleManager: Shutting down and abandoning module IOSRuntimeSettings (452)
[2018.11.01-18.24.25:348][765]LogModuleManager: Shutting down and abandoning module AndroidRuntimeSettings (450)
[2018.11.01-18.24.25:349][765]LogModuleManager: Shutting down and abandoning module InputBindingEditor (448)
[2018.11.01-18.24.25:349][765]LogModuleManager: Shutting down and abandoning module MergeActors (446)
[2018.11.01-18.24.25:350][765]LogModuleManager: Shutting down and abandoning module SizeMap (444)
[2018.11.01-18.24.25:350][765]LogModuleManager: Shutting down and abandoning module TreeMap (442)
[2018.11.01-18.24.25:351][765]LogModuleManager: Shutting down and abandoning module ReferenceViewer (440)
[2018.11.01-18.24.25:351][765]LogModuleManager: Shutting down and abandoning module LocalizationDashboard (438)
[2018.11.01-18.24.25:352][765]LogModuleManager: Shutting down and abandoning module LocalizationService (437)
[2018.11.01-18.24.25:352][765]LogModuleManager: Shutting down and abandoning module HardwareTargeting (434)
[2018.11.01-18.24.25:352][765]LogModuleManager: Shutting down and abandoning module DeviceProfileEditor (432)
[2018.11.01-18.24.25:352][765]LogModuleManager: Shutting down and abandoning module UndoHistory (430)
[2018.11.01-18.24.25:353][765]LogModuleManager: Shutting down and abandoning module XmlParser (428)
[2018.11.01-18.24.25:353][765]LogModuleManager: Shutting down and abandoning module Blutility (426)
[2018.11.01-18.24.25:353][765]LogModuleManager: Shutting down and abandoning module ProjectSettingsViewer (424)
[2018.11.01-18.24.25:353][765]LogModuleManager: Shutting down and abandoning module ProjectTargetPlatformEditor (423)
[2018.11.01-18.24.25:354][765]LogModuleManager: Shutting down and abandoning module EditorSettingsViewer (420)
[2018.11.01-18.24.25:354][765]LogModuleManager: Shutting down and abandoning module SettingsEditor (418)
[2018.11.01-18.24.25:355][765]LogModuleManager: Shutting down and abandoning module ProjectLauncher (416)
[2018.11.01-18.24.25:356][765]LogModuleManager: Shutting down and abandoning module SessionFrontend (414)
[2018.11.01-18.24.25:357][765]LogModuleManager: Shutting down and abandoning module ProfilerClient (412)
[2018.11.01-18.24.25:357][765]LogModuleManager: Shutting down and abandoning module DeviceManager (410)
[2018.11.01-18.24.25:357][765]LogModuleManager: Shutting down and abandoning module TargetDeviceServices (409)
[2018.11.01-18.24.25:412][765]LogModuleManager: Shutting down and abandoning module AutomationController (406)
[2018.11.01-18.24.25:413][765]LogModuleManager: Shutting down and abandoning module AutomationWindow (404)
[2018.11.01-18.24.25:414][765]LogModuleManager: Shutting down and abandoning module Layers (402)
[2018.11.01-18.24.25:417][765]LogModuleManager: Shutting down and abandoning module ComponentVisualizers (400)
[2018.11.01-18.24.25:417][765]LogModuleManager: Shutting down and abandoning module DetailCustomizations (398)
[2018.11.01-18.24.25:418][765]LogModuleManager: Shutting down and abandoning module PackagesDialog (396)
[2018.11.01-18.24.25:420][765]LogModuleManager: Shutting down and abandoning module Persona (394)
[2018.11.01-18.24.25:421][765]LogModuleManager: Shutting down and abandoning module AdvancedPreviewScene (393)
[2018.11.01-18.24.25:421][765]LogModuleManager: Shutting down and abandoning module AnimGraph (391)
[2018.11.01-18.24.25:421][765]LogModuleManager: Shutting down and abandoning module Kismet (388)
[2018.11.01-18.24.25:437][765]LogModuleManager: Shutting down and abandoning module ClassViewer (386)
[2018.11.01-18.24.25:437][765]LogModuleManager: Shutting down and abandoning module Toolbox (384)
[2018.11.01-18.24.25:437][765]LogModuleManager: Shutting down and abandoning module ModuleUI (382)
[2018.11.01-18.24.25:437][765]LogModuleManager: Shutting down and abandoning module MovieSceneTools (380)
[2018.11.01-18.24.25:439][765]LogModuleManager: Shutting down and abandoning module OutputLog (378)
[2018.11.01-18.24.25:439][765]LogModuleManager: Shutting down and abandoning module GammaUI (376)
[2018.11.01-18.24.25:440][765]LogModuleManager: Shutting down and abandoning module Documentation (374)
[2018.11.01-18.24.25:440][765]LogModuleManager: Shutting down and abandoning module MovieSceneTracks (372)
[2018.11.01-18.24.25:440][765]LogModuleManager: Shutting down and abandoning module MovieScene (370)
[2018.11.01-18.24.25:440][765]LogModuleManager: Shutting down and abandoning module StreamingPauseRendering (368)
[2018.11.01-18.24.25:440][765]LogModuleManager: Shutting down and abandoning module LauncherPlatform (366)
[2018.11.01-18.24.25:440][765]LogModuleManager: Shutting down and abandoning module AnalyticsET (364)
[2018.11.01-18.24.25:440][765]LogModuleManager: Shutting down and abandoning module PortalServices (362)
[2018.11.01-18.24.25:440][765]LogModuleManager: Shutting down and abandoning module PortalRpc (360)
[2018.11.01-18.24.25:440][765]LogModuleManager: Shutting down and abandoning module MessagingRpc (358)
[2018.11.01-18.24.25:440][765]LogModuleManager: Shutting down and abandoning module AIModule (356)
[2018.11.01-18.24.25:440][765]LogModuleManager: Shutting down and abandoning module GameplayDebugger (355)
[2018.11.01-18.24.25:440][765]LogModuleManager: Shutting down and abandoning module AITestSuite (353)
[2018.11.01-18.24.25:441][765]LogModuleManager: Shutting down and abandoning module DesktopPlatform (350)
[2018.11.01-18.24.25:441][765]LogModuleManager: Shutting down and abandoning module ProfilerService (348)
[2018.11.01-18.24.25:443][765]LogModuleManager: Shutting down and abandoning module TaskGraph (346)
[2018.11.01-18.24.25:444][765]LogModuleManager: Shutting down and abandoning module SteamVRController (344)
[2018.11.01-18.24.25:444][765]LogModuleManager: Shutting down and abandoning module ProceduralMeshComponentEditor (342)
[2018.11.01-18.24.25:444][765]LogModuleManager: Shutting down and abandoning module ProceduralMeshComponent (340)
[2018.11.01-18.24.25:445][765]LogModuleManager: Shutting down and abandoning module OculusInput (338)
[2018.11.01-18.24.25:445][765]LogModuleManager: Shutting down and abandoning module MobilePatchingUtils (336)
[2018.11.01-18.24.25:445][765]LogModuleManager: Shutting down and abandoning module CustomMeshComponent (334)
[2018.11.01-18.24.25:445][765]LogModuleManager: Shutting down and abandoning module CableComponent (332)
[2018.11.01-18.24.25:445][765]LogModuleManager: Shutting down and abandoning module ArchVisCharacter (330)
[2018.11.01-18.24.25:445][765]LogModuleManager: Shutting down and abandoning module AndroidPermission (328)
[2018.11.01-18.24.25:445][765]LogModuleManager: Shutting down and abandoning module ActorSequence (324)
[2018.11.01-18.24.25:445][765]LogModuleManager: Shutting down and abandoning module MediaPlayerEditor (322)
[2018.11.01-18.24.25:448][765]LogModuleManager: Shutting down and abandoning module MediaCompositingEditor (320)
[2018.11.01-18.24.25:448][765]LogModuleManager: Shutting down and abandoning module MediaCompositing (318)
[2018.11.01-18.24.25:448][765]LogModuleManager: Shutting down and abandoning module HTML5Networking (316)
[2018.11.01-18.24.25:448][765]LogModuleManager: Shutting down and abandoning module AlembicImporter (314)
[2018.11.01-18.24.25:449][765]LogModuleManager: Shutting down and abandoning module AlembicLibrary (313)
[2018.11.01-18.24.25:449][765]LogModuleManager: Shutting down and abandoning module GeometryCache (312)
[2018.11.01-18.24.25:450][765]LogModuleManager: Shutting down and abandoning module GeometryCacheEd (311)
[2018.11.01-18.24.25:450][765]LogModuleManager: Shutting down and abandoning module SpeedTreeImporter (306)
[2018.11.01-18.24.25:450][765]LogModuleManager: Shutting down and abandoning module PluginBrowser (304)
[2018.11.01-18.24.25:453][765]LogModuleManager: Shutting down and abandoning module MobileLauncherProfileWizard (302)
[2018.11.01-18.24.25:454][765]LogModuleManager: Shutting down and abandoning module VisualStudioSourceCodeAccess (300)
[2018.11.01-18.24.25:454][765]LogModuleManager: Shutting down and abandoning module VisualStudioCodeSourceCodeAccess (298)
[2018.11.01-18.24.25:454][765]LogModuleManager: Shutting down and abandoning module UObjectPlugin (296)
[2018.11.01-18.24.25:454][765]LogModuleManager: Shutting down and abandoning module SubversionSourceControl (294)
[2018.11.01-18.24.25:457][765]LogModuleManager: Shutting down and abandoning module PerforceSourceControl (292)
[2018.11.01-18.24.25:458][765]LogModuleManager: Shutting down and abandoning module GitSourceControl (290)
[2018.11.01-18.24.25:460][765]LogModuleManager: Shutting down and abandoning module SourceControl (289)
[2018.11.01-18.24.25:463][765]LogModuleManager: Shutting down and abandoning module LightPropagationVolumeEditor (286)
[2018.11.01-18.24.25:464][765]LogModuleManager: Shutting down and abandoning module PaperTiledImporter (284)
[2018.11.01-18.24.25:464][765]LogModuleManager: Shutting down and abandoning module PaperSpriteSheetImporter (282)
[2018.11.01-18.24.25:464][765]LogModuleManager: Shutting down and abandoning module Paper2DEditor (280)
[2018.11.01-18.24.25:467][765]LogModuleManager: Shutting down and abandoning module MeshPaint (279)
[2018.11.01-18.24.25:468][765]LogModuleManager: Shutting down and abandoning module LevelEditor (277)
[2018.11.01-18.24.25:469][765]LogModuleManager: Shutting down and abandoning module PixelInspectorModule (276)
[2018.11.01-18.24.25:470][765]LogModuleManager: Shutting down and abandoning module MainFrame (274)
[2018.11.01-18.24.25:470][765]LogModuleManager: Shutting down and abandoning module HotReload (273)
[2018.11.01-18.24.25:471][765]LogModuleManager: Shutting down and abandoning module RuntimePhysXCooking (268)
[2018.11.01-18.24.25:471][765]LogModuleManager: Shutting down and abandoning module PhysXVehiclesEditor (266)
[2018.11.01-18.24.25:471][765]LogModuleManager: Shutting down and abandoning module PhysXVehicles (264)
[2018.11.01-18.24.25:471][765]LogModuleManager: Shutting down and abandoning module OculusEditor (262)
[2018.11.01-18.24.25:471][765]LogModuleManager: Shutting down and abandoning module LocationServicesBPLibrary (260)
[2018.11.01-18.24.25:471][765]LogModuleManager: Shutting down and abandoning module ImmediatePhysicsEditor (258)
[2018.11.01-18.24.25:471][765]LogModuleManager: Shutting down and abandoning module ImmediatePhysics (256)
[2018.11.01-18.24.25:471][765]LogModuleManager: Shutting down and abandoning module UdpMessaging (254)
[2018.11.01-18.24.25:572][765]LogModuleManager: Shutting down and abandoning module TcpMessaging (252)
[2018.11.01-18.24.25:674][765]LogModuleManager: Shutting down and abandoning module GameplayTagsEditor (250)
[2018.11.01-18.24.25:675][765]LogModuleManager: Shutting down and abandoning module FacialAnimationEditor (248)
[2018.11.01-18.24.25:675][765]LogModuleManager: Shutting down and abandoning module FacialAnimation (246)
[2018.11.01-18.24.25:675][765]LogModuleManager: Shutting down and abandoning module AssetManagerEditor (244)
[2018.11.01-18.24.25:676][765]LogModuleManager: Shutting down and abandoning module GraphEditor (243)
[2018.11.01-18.24.25:676][765]LogModuleManager: Shutting down and abandoning module ContentBrowser (241)
[2018.11.01-18.24.25:678][765]LogModuleManager: Shutting down and abandoning module LightPropagationVolumeRuntime (238)
[2018.11.01-18.24.25:678][765]LogModuleManager: Shutting down and abandoning module Paper2D (236)
[2018.11.01-18.24.25:686][765]LogModuleManager: Shutting down and abandoning module WindowsMoviePlayer (234)
[2018.11.01-18.24.25:687][765]LogModuleManager: Shutting down and abandoning module WmfMedia (232)
[2018.11.01-18.24.25:690][765]LogModuleManager: Shutting down and abandoning module ImgMedia (230)
[2018.11.01-18.24.25:690][765]LogModuleManager: Shutting down and abandoning module PacketHandler (228)
[2018.11.01-18.24.25:690][765]LogModuleManager: Shutting down and abandoning module ClothingSystemEditor (226)
[2018.11.01-18.24.25:690][765]LogModuleManager: Shutting down and abandoning module ClothingSystemRuntime (224)
[2018.11.01-18.24.25:693][765]LogModuleManager: Shutting down and abandoning module MediaAssets (222)
[2018.11.01-18.24.25:693][765]LogModuleManager: Shutting down and abandoning module Media (221)
[2018.11.01-18.24.25:700][765]LogModuleManager: Shutting down and abandoning module Overlay (218)
[2018.11.01-18.24.25:700][765]LogModuleManager: Shutting down and abandoning module OverlayEditor (217)
[2018.11.01-18.24.25:700][765]LogModuleManager: Shutting down and abandoning module VREditor (214)
[2018.11.01-18.24.25:707][765]LogModuleManager: Shutting down and abandoning module StringTableEditor (212)
[2018.11.01-18.24.25:707][765]LogModuleManager: Shutting down and abandoning module GameplayTasksEditor (210)
[2018.11.01-18.24.25:707][765]LogModuleManager: Shutting down and abandoning module BehaviorTreeEditor (208)
[2018.11.01-18.24.25:716][765]LogModuleManager: Shutting down and abandoning module FunctionalTesting (206)
[2018.11.01-18.24.25:717][765]LogModuleManager: Shutting down and abandoning module CollisionAnalyzer (204)
[2018.11.01-18.24.25:719][765]LogModuleManager: Shutting down and abandoning module WorkspaceMenuStructure (203)
[2018.11.01-18.24.25:719][765]LogModuleManager: Shutting down and abandoning module UMG (200)
[2018.11.01-18.24.25:719][765]LogModuleManager: Shutting down and abandoning module UMGEditor (199)
[2018.11.01-18.24.25:722][765]LogModuleManager: Shutting down and abandoning module Sequencer (198)
[2018.11.01-18.24.25:726][765]LogModuleManager: Shutting down and abandoning module MessageLog (195)
[2018.11.01-18.24.25:726][765]LogModuleManager: Shutting down and abandoning module SlateReflector (190)
[2018.11.01-18.24.25:735][765]LogModuleManager: Shutting down and abandoning module Slate (188)
[2018.11.01-18.24.25:735][765]LogModuleManager: Shutting down and abandoning module EditorStyle (186)
[2018.11.01-18.24.25:756][765]LogModuleManager: Shutting down and abandoning module MRMesh (184)
[2018.11.01-18.24.25:756][765]LogModuleManager: Shutting down and abandoning module SourceCodeAccess (182)
[2018.11.01-18.24.25:756][765]LogModuleManager: Shutting down and abandoning module HeadMountedDisplay (180)
[2018.11.01-18.24.25:756][765]LogModuleManager: Shutting down and abandoning module XAudio2 (178)
[2018.11.01-18.24.25:757][765]LogModuleManager: Shutting down and abandoning module Networking (176)
[2018.11.01-18.24.25:757][765]LogModuleManager: Shutting down and abandoning module Core (172)
[2018.11.01-18.24.25:757][765]LogModuleManager: Shutting down and abandoning module LevelSequence (168)
[2018.11.01-18.24.25:759][765]LogModuleManager: Shutting down and abandoning module DirectoryWatcher (166)
[2018.11.01-18.24.25:766][765]LogModuleManager: Shutting down and abandoning module KismetCompiler (164)
[2018.11.01-18.24.25:767][765]LogModuleManager: Shutting down and abandoning module MeshUtilities (162)
[2018.11.01-18.24.25:772][765]LogModuleManager: Shutting down and abandoning module MeshMergeUtilities (161)
[2018.11.01-18.24.25:773][765]LogModuleManager: Shutting down and abandoning module MeshReductionInterface (160)
[2018.11.01-18.24.25:773][765]LogModuleManager: Shutting down and abandoning module SimplygonSwarm (159)
[2018.11.01-18.24.25:776][765]LogModuleManager: Shutting down and abandoning module SimplygonMeshReduction (157)
[2018.11.01-18.24.25:776][765]LogModuleManager: Shutting down and abandoning module QuadricMeshReduction (155)
[2018.11.01-18.24.25:777][765]LogModuleManager: Shutting down and abandoning module MaterialBaking (151)
[2018.11.01-18.24.25:782][765]LogModuleManager: Shutting down and abandoning module DerivedDataCache (148)
[2018.11.01-18.24.25:863][765]LogDerivedDataCache: Shutdown
[2018.11.01-18.24.25:863][765]LogModuleManager: Shutting down and abandoning module TargetPlatform (146)
[2018.11.01-18.24.25:863][765]LogModuleManager: Shutting down and abandoning module VulkanShaderFormat (145)
[2018.11.01-18.24.25:863][765]LogModuleManager: Shutting down and abandoning module ShaderFormatVectorVM (143)
[2018.11.01-18.24.25:864][765]LogModuleManager: Shutting down and abandoning module ShaderFormatOpenGL (141)
[2018.11.01-18.24.25:865][765]LogModuleManager: Shutting down and abandoning module ShaderFormatD3D (139)
[2018.11.01-18.24.25:866][765]LogModuleManager: Shutting down and abandoning module MetalShaderFormat (137)
[2018.11.01-18.24.25:867][765]LogModuleManager: Shutting down and abandoning module TextureFormatUncompressed (135)
[2018.11.01-18.24.25:867][765]LogModuleManager: Shutting down and abandoning module TextureFormatPVR (133)
[2018.11.01-18.24.25:867][765]LogModuleManager: Shutting down and abandoning module TextureFormatDXT (131)
[2018.11.01-18.24.25:867][765]LogModuleManager: Shutting down and abandoning module TextureFormatIntelISPCTexComp (129)
[2018.11.01-18.24.25:868][765]LogModuleManager: Shutting down and abandoning module TextureFormatASTC (127)
[2018.11.01-18.24.25:868][765]LogModuleManager: Shutting down and abandoning module ImageWrapper (126)
[2018.11.01-18.24.25:868][765]LogModuleManager: Shutting down and abandoning module TextureFormatAndroid (123)
[2018.11.01-18.24.25:868][765]LogModuleManager: Shutting down and abandoning module AudioFormatOpus (121)
[2018.11.01-18.24.25:868][765]LogModuleManager: Shutting down and abandoning module AudioFormatOgg (119)
[2018.11.01-18.24.25:868][765]LogModuleManager: Shutting down and abandoning module AudioFormatADPCM (117)
[2018.11.01-18.24.25:868][765]LogModuleManager: Shutting down and abandoning module LinuxTargetPlatform (115)
[2018.11.01-18.24.25:868][765]LogModuleManager: Shutting down and abandoning module LinuxServerTargetPlatform (113)
[2018.11.01-18.24.25:868][765]LogModuleManager: Shutting down and abandoning module LinuxNoEditorTargetPlatform (111)
[2018.11.01-18.24.25:868][765]LogModuleManager: Shutting down and abandoning module LinuxClientTargetPlatform (109)
[2018.11.01-18.24.25:868][765]LogModuleManager: Shutting down and abandoning module TVOSTargetPlatform (107)
[2018.11.01-18.24.25:868][765]LogModuleManager: Shutting down and abandoning module Messaging (105)
[2018.11.01-18.24.25:868][765]LogModuleManager: Shutting down and abandoning module IOSTargetPlatform (103)
[2018.11.01-18.24.25:868][765]LogModuleManager: Shutting down and abandoning module HTML5TargetPlatform (101)
[2018.11.01-18.24.25:868][765]LogModuleManager: Shutting down and abandoning module AndroidTargetPlatform (99)
[2018.11.01-18.24.25:868][765]LogModuleManager: Shutting down and abandoning module Android_PVRTCTargetPlatform (97)
[2018.11.01-18.24.25:868][765]LogModuleManager: Shutting down and abandoning module Android_MultiTargetPlatform (95)
[2018.11.01-18.24.25:869][765]LogModuleManager: Shutting down and abandoning module Android_ETC2TargetPlatform (93)
[2018.11.01-18.24.25:869][765]LogModuleManager: Shutting down and abandoning module Android_ETC1TargetPlatform (91)
[2018.11.01-18.24.25:869][765]LogModuleManager: Shutting down and abandoning module Android_DXTTargetPlatform (89)
[2018.11.01-18.24.25:869][765]LogModuleManager: Shutting down and abandoning module Android_ATCTargetPlatform (87)
[2018.11.01-18.24.25:869][765]LogModuleManager: Shutting down and abandoning module Android_ASTCTargetPlatform (85)
[2018.11.01-18.24.25:869][765]LogModuleManager: Shutting down and abandoning module WindowsTargetPlatform (83)
[2018.11.01-18.24.25:869][765]LogModuleManager: Shutting down and abandoning module WindowsServerTargetPlatform (81)
[2018.11.01-18.24.25:869][765]LogModuleManager: Shutting down and abandoning module WindowsNoEditorTargetPlatform (79)
[2018.11.01-18.24.25:869][765]LogModuleManager: Shutting down and abandoning module WindowsClientTargetPlatform (77)
[2018.11.01-18.24.25:869][765]LogModuleManager: Shutting down and abandoning module MacTargetPlatform (75)
[2018.11.01-18.24.25:869][765]LogModuleManager: Shutting down and abandoning module MacServerTargetPlatform (73)
[2018.11.01-18.24.25:869][765]LogModuleManager: Shutting down and abandoning module MacNoEditorTargetPlatform (71)
[2018.11.01-18.24.25:869][765]LogModuleManager: Shutting down and abandoning module MacClientTargetPlatform (69)
[2018.11.01-18.24.25:869][765]LogModuleManager: Shutting down and abandoning module AllDesktopTargetPlatform (67)
[2018.11.01-18.24.25:869][765]LogModuleManager: Shutting down and abandoning module InputCore (64)
[2018.11.01-18.24.25:869][765]LogModuleManager: Shutting down and abandoning module Settings (62)
[2018.11.01-18.24.25:869][765]LogModuleManager: Shutting down and abandoning module PhysXCooking (60)
[2018.11.01-18.24.25:869][765]LogModuleManager: Shutting down and abandoning module SteamVR (58)
[2018.11.01-18.24.25:869][765]LogModuleManager: Shutting down and abandoning module OculusHMD (56)
[2018.11.01-18.24.25:869][765]LogModuleManager: Shutting down and abandoning module ExampleDeviceProfileSelector (54)
[2018.11.01-18.24.25:869][765]LogModuleManager: Shutting down and abandoning module AppleARKit (52)
[2018.11.01-18.24.25:870][765]LogModuleManager: Shutting down and abandoning module AugmentedReality (51)
[2018.11.01-18.24.25:870][765]LogModuleManager: Shutting down and abandoning module OnlineBlueprintSupport (48)
[2018.11.01-18.24.25:870][765]LogModuleManager: Shutting down and abandoning module OnlineSubsystem (44)
[2018.11.01-18.24.25:871][765]LogModuleManager: Shutting down and abandoning module XMPP (43)
[2018.11.01-18.24.25:872][765]LogModuleManager: Shutting down and abandoning module HTTP (41)
[2018.11.01-18.24.25:872][765]LogHttp: Display: Http module shutting down, but needs to wait on 1 outstanding Http requests:
[2018.11.01-18.24.25:873][765]LogHttp: Display: 	verb=[POST] url=[https://datarouter.ol.epicgames.com/datarouter/api/v1/public/data?SessionID=%7B3F737EF9-449F-E4A8-252F-858446809246%7D&AppID=UEEditor.Rocket.Release&AppVersion=4.18.3-3832480%2B%2B%2BUE4%2BRelease-4.18&UserID=b20d5cf74e09c2e2a9508fa85a795e70%7Cb034690c93a84f92a25a79eae412cc1c%7Cf78c966e-f13e-4b9b-b30d-db514814bfae&AppEnvironment=datacollector-binary&UploadType=eteventstream] status=Processing
[2018.11.01-18.24.25:891][765]LogModuleManager: Shutting down and abandoning module SSL (40)
[2018.11.01-18.24.25:894][765]LogModuleManager: Shutting down and abandoning module AnimationModifiers (36)
[2018.11.01-18.24.25:895][765]LogModuleManager: Shutting down and abandoning module PropertyEditor (35)
[2018.11.01-18.24.25:896][765]LogModuleManager: Shutting down and abandoning module AudioEditor (32)
[2018.11.01-18.24.25:897][765]LogModuleManager: Shutting down and abandoning module TextureCompressor (30)
[2018.11.01-18.24.25:901][765]LogModuleManager: Shutting down and abandoning module ShaderCore (28)
[2018.11.01-18.24.25:901][765]LogModuleManager: Shutting down and abandoning module Landscape (26)
[2018.11.01-18.24.25:901][765]LogModuleManager: Shutting down and abandoning module SlateRHIRenderer (24)
[2018.11.01-18.24.25:903][765]LogModuleManager: Shutting down and abandoning module OpenGLDrv (22)
[2018.11.01-18.24.25:904][765]LogModuleManager: Shutting down and abandoning module D3D11RHI (20)
[2018.11.01-18.24.25:904][765]LogModuleManager: Shutting down and abandoning module AnimGraphRuntime (18)
[2018.11.01-18.24.25:905][765]LogModuleManager: Shutting down and abandoning module Renderer (16)
[2018.11.01-18.24.25:905][765]LogModuleManager: Shutting down and abandoning module Engine (14)
[2018.11.01-18.24.25:905][765]LogModuleManager: Shutting down and abandoning module CoreUObject (12)
[2018.11.01-18.24.25:905][765]LogModuleManager: Shutting down and abandoning module NetworkFile (10)
[2018.11.01-18.24.25:905][765]LogModuleManager: Shutting down and abandoning module CookedIterativeFile (8)
[2018.11.01-18.24.25:905][765]LogModuleManager: Shutting down and abandoning module StreamingFile (6)
[2018.11.01-18.24.25:905][765]LogModuleManager: Shutting down and abandoning module SandboxFile (4)
[2018.11.01-18.24.25:906][765]LogModuleManager: Shutting down and abandoning module PakFile (2)
[2018.11.01-18.24.25:909][765]LogExit: Exiting.
[2018.11.01-18.24.25:941][765]Log file closed, 11/01/18 13:24:25
